<?xml version="1.0" encoding="UTF-8"?>
<!-- Generated by org.testng.reporters.JUnitXMLReporter -->
<testsuite ignored="0" hostname="Aravind" failures="27" tests="75" name="Test" time="387.878" errors="0" timestamp="2025-09-07T15:44:29 IST">
  <testcase classname="search.FilterTests" name="@BeforeClass setup" time="0.007">
    <failure type="org.openqa.selenium.NoSuchSessionException" message="Session ID is null. Using WebDriver after calling quit()?
Build info: version: &amp;apos;4.25.0&amp;apos;, revision: &amp;apos;8a8aea2337&amp;apos;
System info: os.name: &amp;apos;Windows 11&amp;apos;, os.arch: &amp;apos;amd64&amp;apos;, os.version: &amp;apos;10.0&amp;apos;, java.version: &amp;apos;17.0.12&amp;apos;
Driver info: org.openqa.selenium.chrome.ChromeDriver
Command: [null, get {url=https://tutorialsninja.com/demo/}]
Capabilities {acceptInsecureCerts: false, browserName: chrome, browserVersion: 139.0.7258.155, chrome: {chromedriverVersion: 139.0.7258.154 (9e0d6b2b47f..., userDataDir: C:\Users\aravi\AppData\Loca...}, fedcm:accounts: true, goog:chromeOptions: {debuggerAddress: localhost:49815}, networkConnectionEnabled: false, pageLoadStrategy: normal, platformName: windows, proxy: Proxy(), se:cdp: ws://localhost:49815/devtoo..., se:cdpVersion: 139.0.7258.155, setWindowRect: true, strictFileInteractability: false, timeouts: {implicit: 0, pageLoad: 300000, script: 30000}, unhandledPromptBehavior: dismiss and notify, webauthn:extension:credBlob: true, webauthn:extension:largeBlob: true, webauthn:extension:minPinLength: true, webauthn:extension:prf: true, webauthn:virtualAuthenticators: true}">
      <![CDATA[org.openqa.selenium.NoSuchSessionException: Session ID is null. Using WebDriver after calling quit()?
Build info: version: '4.25.0', revision: '8a8aea2337'
System info: os.name: 'Windows 11', os.arch: 'amd64', os.version: '10.0', java.version: '17.0.12'
Driver info: org.openqa.selenium.chrome.ChromeDriver
Command: [null, get {url=https://tutorialsninja.com/demo/}]
Capabilities {acceptInsecureCerts: false, browserName: chrome, browserVersion: 139.0.7258.155, chrome: {chromedriverVersion: 139.0.7258.154 (9e0d6b2b47f..., userDataDir: C:\Users\aravi\AppData\Loca...}, fedcm:accounts: true, goog:chromeOptions: {debuggerAddress: localhost:49815}, networkConnectionEnabled: false, pageLoadStrategy: normal, platformName: windows, proxy: Proxy(), se:cdp: ws://localhost:49815/devtoo..., se:cdpVersion: 139.0.7258.155, setWindowRect: true, strictFileInteractability: false, timeouts: {implicit: 0, pageLoad: 300000, script: 30000}, unhandledPromptBehavior: dismiss and notify, webauthn:extension:credBlob: true, webauthn:extension:largeBlob: true, webauthn:extension:minPinLength: true, webauthn:extension:prf: true, webauthn:virtualAuthenticators: true}
at org.openqa.selenium.remote.HttpCommandExecutor.execute(HttpCommandExecutor.java:151)
at org.openqa.selenium.remote.service.DriverCommandExecutor.invokeExecute(DriverCommandExecutor.java:216)
at org.openqa.selenium.remote.service.DriverCommandExecutor.execute(DriverCommandExecutor.java:174)
at org.openqa.selenium.remote.RemoteWebDriver.execute(RemoteWebDriver.java:545)
at org.openqa.selenium.remote.RemoteWebDriver.get(RemoteWebDriver.java:313)
at Pages.HomePage.<init>(HomePage.java:62)
at search.FilterTests.setup(FilterTests.java:20)
at java.base/java.util.ArrayList.forEach(ArrayList.java:1511)
... Removed 25 stack frames]]>
    </failure>
  </testcase> <!-- @BeforeClass setup -->
  <testcase classname="Base.BaseTest" name="@BeforeMethod setUp" time="0.0">
    <skipped/>
  </testcase> <!-- @BeforeMethod setUp -->
  <testcase classname="Base.BaseTest" name="@BeforeMethod setUp" time="0.0">
    <skipped/>
  </testcase> <!-- @BeforeMethod setUp -->
  <testcase classname="Base.BaseTest" name="@BeforeMethod setUp" time="0.0">
    <skipped/>
  </testcase> <!-- @BeforeMethod setUp -->
  <testcase classname="search.FilterTests" name="@AfterClass tearDown" time="0.0">
    <skipped/>
  </testcase> <!-- @AfterClass tearDown -->
  <testcase classname="Base.BaseTest" name="@AfterClass closeReport" time="0.0">
    <skipped/>
  </testcase> <!-- @AfterClass closeReport -->
  <testcase classname="search.SortAndViewTests" name="@BeforeClass setup" time="0.001">
    <failure type="org.openqa.selenium.NoSuchSessionException" message="Session ID is null. Using WebDriver after calling quit()?
Build info: version: &amp;apos;4.25.0&amp;apos;, revision: &amp;apos;8a8aea2337&amp;apos;
System info: os.name: &amp;apos;Windows 11&amp;apos;, os.arch: &amp;apos;amd64&amp;apos;, os.version: &amp;apos;10.0&amp;apos;, java.version: &amp;apos;17.0.12&amp;apos;
Driver info: org.openqa.selenium.chrome.ChromeDriver
Command: [null, get {url=https://tutorialsninja.com/demo/}]
Capabilities {acceptInsecureCerts: false, browserName: chrome, browserVersion: 139.0.7258.155, chrome: {chromedriverVersion: 139.0.7258.154 (9e0d6b2b47f..., userDataDir: C:\Users\aravi\AppData\Loca...}, fedcm:accounts: true, goog:chromeOptions: {debuggerAddress: localhost:55857}, networkConnectionEnabled: false, pageLoadStrategy: normal, platformName: windows, proxy: Proxy(), se:cdp: ws://localhost:55857/devtoo..., se:cdpVersion: 139.0.7258.155, setWindowRect: true, strictFileInteractability: false, timeouts: {implicit: 0, pageLoad: 300000, script: 30000}, unhandledPromptBehavior: dismiss and notify, webauthn:extension:credBlob: true, webauthn:extension:largeBlob: true, webauthn:extension:minPinLength: true, webauthn:extension:prf: true, webauthn:virtualAuthenticators: true}">
      <![CDATA[org.openqa.selenium.NoSuchSessionException: Session ID is null. Using WebDriver after calling quit()?
Build info: version: '4.25.0', revision: '8a8aea2337'
System info: os.name: 'Windows 11', os.arch: 'amd64', os.version: '10.0', java.version: '17.0.12'
Driver info: org.openqa.selenium.chrome.ChromeDriver
Command: [null, get {url=https://tutorialsninja.com/demo/}]
Capabilities {acceptInsecureCerts: false, browserName: chrome, browserVersion: 139.0.7258.155, chrome: {chromedriverVersion: 139.0.7258.154 (9e0d6b2b47f..., userDataDir: C:\Users\aravi\AppData\Loca...}, fedcm:accounts: true, goog:chromeOptions: {debuggerAddress: localhost:55857}, networkConnectionEnabled: false, pageLoadStrategy: normal, platformName: windows, proxy: Proxy(), se:cdp: ws://localhost:55857/devtoo..., se:cdpVersion: 139.0.7258.155, setWindowRect: true, strictFileInteractability: false, timeouts: {implicit: 0, pageLoad: 300000, script: 30000}, unhandledPromptBehavior: dismiss and notify, webauthn:extension:credBlob: true, webauthn:extension:largeBlob: true, webauthn:extension:minPinLength: true, webauthn:extension:prf: true, webauthn:virtualAuthenticators: true}
at org.openqa.selenium.remote.HttpCommandExecutor.execute(HttpCommandExecutor.java:151)
at org.openqa.selenium.remote.service.DriverCommandExecutor.invokeExecute(DriverCommandExecutor.java:216)
at org.openqa.selenium.remote.service.DriverCommandExecutor.execute(DriverCommandExecutor.java:174)
at org.openqa.selenium.remote.RemoteWebDriver.execute(RemoteWebDriver.java:545)
at org.openqa.selenium.remote.RemoteWebDriver.get(RemoteWebDriver.java:313)
at Pages.HomePage.<init>(HomePage.java:62)
at search.SortAndViewTests.setup(SortAndViewTests.java:23)
at java.base/java.util.ArrayList.forEach(ArrayList.java:1511)
... Removed 25 stack frames]]>
    </failure>
  </testcase> <!-- @BeforeClass setup -->
  <testcase classname="Base.BaseTest" name="@BeforeMethod setUp" time="0.0">
    <skipped/>
  </testcase> <!-- @BeforeMethod setUp -->
  <testcase classname="Base.BaseTest" name="@BeforeMethod setUp" time="0.0">
    <skipped/>
  </testcase> <!-- @BeforeMethod setUp -->
  <testcase classname="Base.BaseTest" name="@BeforeMethod setUp" time="0.0">
    <skipped/>
  </testcase> <!-- @BeforeMethod setUp -->
  <testcase classname="Base.BaseTest" name="@BeforeMethod setUp" time="0.0">
    <skipped/>
  </testcase> <!-- @BeforeMethod setUp -->
  <testcase classname="Base.BaseTest" name="@BeforeMethod setUp" time="0.0">
    <skipped/>
  </testcase> <!-- @BeforeMethod setUp -->
  <testcase classname="search.SortAndViewTests" name="@AfterClass tearDown" time="0.0">
    <skipped/>
  </testcase> <!-- @AfterClass tearDown -->
  <testcase classname="Base.BaseTest" name="@AfterClass closeReport" time="0.0">
    <skipped/>
  </testcase> <!-- @AfterClass closeReport -->
  <testcase classname="Testcases.EndToEnd" name="endToEndTest" time="2.298">
    <failure type="java.lang.AssertionError" message="Registration Failed expected [true] but found [false]">
      <![CDATA[java.lang.AssertionError: Registration Failed expected [true] but found [false]
at Testcases.EndToEnd.endToEndTest(EndToEnd.java:31)
at java.base/java.util.ArrayList.forEach(ArrayList.java:1511)
... Removed 30 stack frames]]>
    </failure>
  </testcase> <!-- endToEndTest -->
  <testcase classname="Testcases.NegativeScenarios" name="invalidLogin" time="2.153"/>
  <testcase classname="Testcases.NegativeScenarios" name="searchWithBlankInput" time="1.304"/>
  <testcase classname="Testcases.NegativeScenarios" name="searchWithSpecialCharacters" time="1.335"/>
  <testcase classname="Testcases.OrderHistory" name="verifyOrderHistory" time="23.397">
    <failure type="java.lang.AssertionError" message="Selecting guest checkout failed expected [true] but found [false]">
      <![CDATA[java.lang.AssertionError: Selecting guest checkout failed expected [true] but found [false]
at Testcases.OrderHistory.verifyOrderHistory(OrderHistory.java:40)
at java.base/java.util.ArrayList.forEach(ArrayList.java:1511)
... Removed 30 stack frames]]>
    </failure>
  </testcase> <!-- verifyOrderHistory -->
  <testcase classname="Testcases.Product" name="searchProductAndView" time="1.777"/>
  <testcase classname="Testcases.Product" name="browseByCategoryAndFilter" time="1.429"/>
  <testcase classname="Testcases.Product" name="searchProductInvalid" time="1.405"/>
  <testcase classname="Testcases.Product" name="addProductToCart" time="2.002"/>
  <testcase classname="Testcases.Product" name="checkout" time="22.397">
    <failure type="java.lang.AssertionError" message="Selecting guest checkout failed expected [true] but found [false]">
      <![CDATA[java.lang.AssertionError: Selecting guest checkout failed expected [true] but found [false]
at Testcases.Product.checkout(Product.java:82)
at java.base/java.util.ArrayList.forEach(ArrayList.java:1511)
... Removed 30 stack frames]]>
    </failure>
  </testcase> <!-- checkout -->
  <testcase classname="Testcases.Product" name="updateQuantityAndRemoveProductFromCart" time="12.318">
    <failure type="java.lang.AssertionError" message="Update quantity failed expected [true] but found [false]">
      <![CDATA[java.lang.AssertionError: Update quantity failed expected [true] but found [false]
at Testcases.Product.updateQuantityAndRemoveProductFromCart(Product.java:102)
at java.base/java.util.ArrayList.forEach(ArrayList.java:1511)
... Removed 30 stack frames]]>
    </failure>
  </testcase> <!-- updateQuantityAndRemoveProductFromCart -->
  <testcase classname="Testcases.UIChecks" name="verifyLogo" time="0.803"/>
  <testcase classname="Testcases.UIChecks" name="verifyMainMenu" time="0.758"/>
  <testcase classname="Testcases.UIChecks" name="verifySearchBar" time="0.72"/>
  <testcase classname="Testcases.UserIdentity" name="InvalidLogin" time="1.815"/>
  <testcase classname="Testcases.UserIdentity" name="Login" time="0.72">
    <failure type="java.lang.IllegalArgumentException" message="Keys to send should be a not null CharSequence">
      <![CDATA[java.lang.IllegalArgumentException: Keys to send should be a not null CharSequence
at org.openqa.selenium.remote.RemoteWebElement.sendKeys(RemoteWebElement.java:96)
at org.openqa.selenium.support.pagefactory.internal.LocatingElementHandler.invoke(LocatingElementHandler.java:51)
at jdk.proxy2/jdk.proxy2.$Proxy17.sendKeys(Unknown Source)
at Pages.LoginPage.Accountlogin(LoginPage.java:49)
at Testcases.UserIdentity.Login(UserIdentity.java:46)
at java.base/java.util.ArrayList.forEach(ArrayList.java:1511)
... Removed 30 stack frames]]>
    </failure>
  </testcase> <!-- Login -->
  <testcase classname="Testcases.UserIdentity" name="Registration" time="0.953">
    <failure type="java.lang.AssertionError" message="Registration Failed expected [true] but found [false]">
      <![CDATA[java.lang.AssertionError: Registration Failed expected [true] but found [false]
at Testcases.UserIdentity.Registration(UserIdentity.java:28)
at java.base/java.util.ArrayList.forEach(ArrayList.java:1511)
... Removed 30 stack frames]]>
    </failure>
  </testcase> <!-- Registration -->
  <testcase classname="Testcases.UserIdentity" name="forgottenPassword" time="1.141">
    <failure type="java.lang.IllegalArgumentException" message="Keys to send should be a not null CharSequence">
      <![CDATA[java.lang.IllegalArgumentException: Keys to send should be a not null CharSequence
at org.openqa.selenium.remote.RemoteWebElement.sendKeys(RemoteWebElement.java:96)
at org.openqa.selenium.support.pagefactory.internal.LocatingElementHandler.invoke(LocatingElementHandler.java:51)
at jdk.proxy2/jdk.proxy2.$Proxy17.sendKeys(Unknown Source)
at Pages.LoginPage.forgottenPassword(LoginPage.java:76)
at Testcases.UserIdentity.forgottenPassword(UserIdentity.java:66)
at java.base/java.util.ArrayList.forEach(ArrayList.java:1511)
... Removed 30 stack frames]]>
    </failure>
  </testcase> <!-- forgottenPassword -->
  <testcase classname="cart.AddToCartTests" name="testAddProductSingleQty" time="1.783"/>
  <testcase classname="cart.AddToCartTests" name="testAddProductSpecificQty" time="2.041"/>
  <testcase classname="cart.CartUpdateTests" name="testUpdateCartQuantity" time="12.092">
    <failure type="java.lang.AssertionError" message="Update quantity failed expected [true] but found [false]">
      <![CDATA[java.lang.AssertionError: Update quantity failed expected [true] but found [false]
at cart.CartUpdateTests.testUpdateCartQuantity(CartUpdateTests.java:35)
at java.base/java.util.ArrayList.forEach(ArrayList.java:1511)
... Removed 30 stack frames]]>
    </failure>
  </testcase> <!-- testUpdateCartQuantity -->
  <testcase classname="cart.CartUpdateTests" name="testInvalidQuantity" time="12.137">
    <failure type="java.lang.AssertionError" message="Invalid quantity test failed expected [true] but found [false]">
      <![CDATA[java.lang.AssertionError: Invalid quantity test failed expected [true] but found [false]
at cart.CartUpdateTests.testInvalidQuantity(CartUpdateTests.java:58)
at java.base/java.util.ArrayList.forEach(ArrayList.java:1511)
... Removed 30 stack frames]]>
    </failure>
  </testcase> <!-- testInvalidQuantity -->
  <testcase classname="cart.CartUpdateTests" name="testRemoveProductFromCart" time="21.909">
    <failure type="java.lang.AssertionError" message="Remove product failed expected [true] but found [false]">
      <![CDATA[java.lang.AssertionError: Remove product failed expected [true] but found [false]
at cart.CartUpdateTests.testRemoveProductFromCart(CartUpdateTests.java:81)
at java.base/java.util.ArrayList.forEach(ArrayList.java:1511)
... Removed 30 stack frames]]>
    </failure>
  </testcase> <!-- testRemoveProductFromCart -->
  <testcase classname="cart.CartValidationTests" name="testCartSummaryDetails" time="21.975">
    <failure type="java.lang.AssertionError" message="Cart summary verification failed expected [true] but found [false]">
      <![CDATA[java.lang.AssertionError: Cart summary verification failed expected [true] but found [false]
at cart.CartValidationTests.testCartSummaryDetails(CartValidationTests.java:34)
at java.base/java.util.ArrayList.forEach(ArrayList.java:1511)
... Removed 30 stack frames]]>
    </failure>
  </testcase> <!-- testCartSummaryDetails -->
  <testcase classname="cart.CartValidationTests" name="testCartPersistenceAcrossPages" time="2.595"/>
  <testcase classname="checkout.CheckoutTests" name="testProceedToCheckoutGuestOption" time="22.434">
    <failure type="java.lang.AssertionError" message="Guest checkout selection failed expected [true] but found [false]">
      <![CDATA[java.lang.AssertionError: Guest checkout selection failed expected [true] but found [false]
at checkout.CheckoutTests.testProceedToCheckoutGuestOption(CheckoutTests.java:32)
at java.base/java.util.ArrayList.forEach(ArrayList.java:1511)
... Removed 30 stack frames]]>
    </failure>
  </testcase> <!-- testProceedToCheckoutGuestOption -->
  <testcase classname="checkout.CheckoutTests" name="testGuestCheckoutBillingShipping" time="43.062">
    <failure type="java.lang.AssertionError" message="Entering billing details failed expected [true] but found [false]">
      <![CDATA[java.lang.AssertionError: Entering billing details failed expected [true] but found [false]
at checkout.CheckoutTests.testGuestCheckoutBillingShipping(CheckoutTests.java:54)
at java.base/java.util.ArrayList.forEach(ArrayList.java:1511)
... Removed 30 stack frames]]>
    </failure>
  </testcase> <!-- testGuestCheckoutBillingShipping -->
  <testcase classname="checkout.CheckoutTests" name="testRegisteredUserCheckout" time="1.706">
    <failure type="java.lang.AssertionError" message="Keys to send should be a not null CharSequence">
      <![CDATA[java.lang.AssertionError: Keys to send should be a not null CharSequence
at Base.BaseTest.logFailure(BaseTest.java:55)
at checkout.CheckoutTests.testRegisteredUserCheckout(CheckoutTests.java:84)
at java.base/java.util.ArrayList.forEach(ArrayList.java:1511)
... Removed 28 stack frames]]>
    </failure>
  </testcase> <!-- testRegisteredUserCheckout -->
  <testcase classname="checkout.CheckoutTests" name="testAddNewDeliveryAddress" time="1.746">
    <failure type="java.lang.AssertionError" message="Keys to send should be a not null CharSequence">
      <![CDATA[java.lang.AssertionError: Keys to send should be a not null CharSequence
at Base.BaseTest.logFailure(BaseTest.java:55)
at checkout.CheckoutTests.testAddNewDeliveryAddress(CheckoutTests.java:112)
at java.base/java.util.ArrayList.forEach(ArrayList.java:1511)
... Removed 28 stack frames]]>
    </failure>
  </testcase> <!-- testAddNewDeliveryAddress -->
  <testcase classname="checkout.CheckoutTests" name="testMandatoryAddressFields" time="22.333"/>
  <testcase classname="checkout.ShippingTests" name="testDisplayShippingMethods" time="0.001"/>
  <testcase classname="checkout.ShippingTests" name="testStandardShippingCost" time="0.001"/>
  <testcase classname="checkout.ShippingTests" name="testExpressShippingCost" time="0.0"/>
  <testcase classname="checkout.ShippingTests" name="testShippingOptionPersistence" time="0.001"/>
  <testcase classname="login.LoginTests" name="testInvalidLogin" time="1.147"/>
  <testcase classname="login.LoginTests" name="testValidLogin" time="0.947">
    <failure type="java.lang.AssertionError" message="Registration Failed expected [true] but found [false]">
      <![CDATA[java.lang.AssertionError: Registration Failed expected [true] but found [false]
at login.LoginTests.testValidLogin(LoginTests.java:25)
at java.base/java.util.ArrayList.forEach(ArrayList.java:1511)
... Removed 30 stack frames]]>
    </failure>
  </testcase> <!-- testValidLogin -->
  <testcase classname="order.CouponTests" name="testApplyGiftVoucher" time="0.001"/>
  <testcase classname="order.CouponTests" name="testApplyInvalidCoupon" time="0.0"/>
  <testcase classname="order.CouponTests" name="testApplyValidCoupon" time="0.0"/>
  <testcase classname="order.CouponTests" name="testRemoveCouponAndVerifyTotals" time="0.001"/>
  <testcase classname="order.OrderCompletionTests" name="testPlaceOrderAndVerifyConfirmation" time="0.965">
    <failure type="java.lang.AssertionError" message="Registration Failed expected [true] but found [false]">
      <![CDATA[java.lang.AssertionError: Registration Failed expected [true] but found [false]
at order.OrderCompletionTests.testPlaceOrderAndVerifyConfirmation(OrderCompletionTests.java:25)
at java.base/java.util.ArrayList.forEach(ArrayList.java:1511)
... Removed 30 stack frames]]>
    </failure>
  </testcase> <!-- testPlaceOrderAndVerifyConfirmation -->
  <testcase classname="order.OrderHistoryTests" name="testViewOrderHistoryAndDetails" time="0.95">
    <failure type="java.lang.AssertionError" message="Registration Failed expected [true] but found [false]">
      <![CDATA[java.lang.AssertionError: Registration Failed expected [true] but found [false]
at order.OrderHistoryTests.testViewOrderHistoryAndDetails(OrderHistoryTests.java:25)
at java.base/java.util.ArrayList.forEach(ArrayList.java:1511)
... Removed 30 stack frames]]>
    </failure>
  </testcase> <!-- testViewOrderHistoryAndDetails -->
  <testcase classname="order.OrderReturnTests" name="testRequestAndVerifyProductReturn" time="0.963">
    <failure type="java.lang.AssertionError" message="Registration Failed expected [true] but found [false]">
      <![CDATA[java.lang.AssertionError: Registration Failed expected [true] but found [false]
at order.OrderReturnTests.testRequestAndVerifyProductReturn(OrderReturnTests.java:25)
at java.base/java.util.ArrayList.forEach(ArrayList.java:1511)
... Removed 30 stack frames]]>
    </failure>
  </testcase> <!-- testRequestAndVerifyProductReturn -->
  <testcase classname="order.OrderTests" name="testSaveOrderToHistory" time="0.0"/>
  <testcase classname="order.PaymentTests" name="testAcceptTermsAndConditions" time="0.0"/>
  <testcase classname="order.PaymentTests" name="testCashOnDelivery" time="0.0"/>
  <testcase classname="order.PaymentTests" name="testPayByCreditCardInvalid" time="0.0"/>
  <testcase classname="order.PaymentTests" name="testPayByCreditCardValid" time="0.001"/>
  <testcase classname="order.PaymentTests" name="testPayByNetBanking" time="0.001"/>
  <testcase classname="order.PaymentTests" name="testPayByUPI" time="0.0"/>
  <testcase classname="order.PaymentTests" name="testPaymentMethodsDisplayed" time="0.0"/>
  <testcase classname="search.FilterTests" name="testFilterByCategory" time="0.0">
    <skipped/>
  </testcase> <!-- testFilterByCategory -->
  <testcase classname="search.FilterTests" name="testFilterByPriceRange" time="0.0">
    <skipped/>
  </testcase> <!-- testFilterByPriceRange -->
  <testcase classname="search.FilterTests" name="testFilterWithNoMatchingPrice" time="0.0">
    <skipped/>
  </testcase> <!-- testFilterWithNoMatchingPrice -->
  <testcase classname="search.SearchTests" name="testValidProductSearch" time="1.208"/>
  <testcase classname="search.SearchTests" name="testInvalidProductSearch" time="1.24"/>
  <testcase classname="search.SearchTests" name="testBlankProductSearch" time="1.233"/>
  <testcase classname="search.SearchTests" name="testSpecialCharSearch" time="1.359"/>
  <testcase classname="search.SortAndViewTests" name="testSortByPriceLowToHigh" time="0.0">
    <skipped/>
  </testcase> <!-- testSortByPriceLowToHigh -->
  <testcase classname="search.SortAndViewTests" name="testSortByNameAZ" time="0.001">
    <skipped/>
  </testcase> <!-- testSortByNameAZ -->
  <testcase classname="search.SortAndViewTests" name="testSortByRating" time="0.0">
    <skipped/>
  </testcase> <!-- testSortByRating -->
  <testcase classname="search.SortAndViewTests" name="testViewProductDetails" time="0.0">
    <skipped/>
  </testcase> <!-- testViewProductDetails -->
  <testcase classname="search.SortAndViewTests" name="testProductImageGallery" time="0.0">
    <skipped/>
  </testcase> <!-- testProductImageGallery -->
  <testcase classname="user.LoginTests" name="testLoginValidCredentials" time="1.719">
    <failure type="java.lang.AssertionError" message="Keys to send should be a not null CharSequence">
      <![CDATA[java.lang.AssertionError: Keys to send should be a not null CharSequence
at Base.BaseTest.logFailure(BaseTest.java:55)
at user.LoginTests.testLoginValidCredentials(LoginTests.java:40)
at java.base/java.util.ArrayList.forEach(ArrayList.java:1511)
... Removed 28 stack frames]]>
    </failure>
  </testcase> <!-- testLoginValidCredentials -->
  <testcase classname="user.LoginTests" name="testLoginInvalidCredentials" time="1.712">
    <failure type="java.lang.AssertionError" message="Keys to send should be a not null CharSequence">
      <![CDATA[java.lang.AssertionError: Keys to send should be a not null CharSequence
at Base.BaseTest.logFailure(BaseTest.java:55)
at user.LoginTests.testLoginInvalidCredentials(LoginTests.java:61)
at java.base/java.util.ArrayList.forEach(ArrayList.java:1511)
... Removed 28 stack frames]]>
    </failure>
  </testcase> <!-- testLoginInvalidCredentials -->
  <testcase classname="user.MiscTests" name="testChangeCurrencyPersistence" time="0.963"/>
  <testcase classname="user.MiscTests" name="testContactUsFormSubmission" time="11.71">
    <failure type="java.lang.AssertionError" message="no such element: Unable to locate element: {&amp;quot;method&amp;quot;:&amp;quot;xpath&amp;quot;,&amp;quot;selector&amp;quot;:&amp;quot;//input[@id=&amp;quot;input-enquiry&amp;quot;]&amp;quot;}
  (Session info: chrome=139.0.7258.155)
For documentation on this error, please visit: https://www.selenium.dev/documentation/webdriver/troubleshooting/errors#no-such-element-exception
Build info: version: &amp;apos;4.25.0&amp;apos;, revision: &amp;apos;8a8aea2337&amp;apos;
System info: os.name: &amp;apos;Windows 11&amp;apos;, os.arch: &amp;apos;amd64&amp;apos;, os.version: &amp;apos;10.0&amp;apos;, java.version: &amp;apos;17.0.12&amp;apos;
Driver info: org.openqa.selenium.chrome.ChromeDriver
Command: [9d4fdc3da460ac0b38ef273b478dcd46, findElement {using=xpath, value=//input[@id=&amp;quot;input-enquiry&amp;quot;]}]
Capabilities {acceptInsecureCerts: false, browserName: chrome, browserVersion: 139.0.7258.155, chrome: {chromedriverVersion: 139.0.7258.154 (9e0d6b2b47f..., userDataDir: C:\Users\aravi\AppData\Loca...}, fedcm:accounts: true, goog:chromeOptions: {debuggerAddress: localhost:55148}, networkConnectionEnabled: false, pageLoadStrategy: normal, platformName: windows, proxy: Proxy(), se:cdp: ws://localhost:55148/devtoo..., se:cdpVersion: 139.0.7258.155, setWindowRect: true, strictFileInteractability: false, timeouts: {implicit: 0, pageLoad: 300000, script: 30000}, unhandledPromptBehavior: dismiss and notify, webauthn:extension:credBlob: true, webauthn:extension:largeBlob: true, webauthn:extension:minPinLength: true, webauthn:extension:prf: true, webauthn:virtualAuthenticators: true}
Session ID: 9d4fdc3da460ac0b38ef273b478dcd46">
      <![CDATA[java.lang.AssertionError: no such element: Unable to locate element: {"method":"xpath","selector":"//input[@id="input-enquiry"]"}
  (Session info: chrome=139.0.7258.155)
For documentation on this error, please visit: https://www.selenium.dev/documentation/webdriver/troubleshooting/errors#no-such-element-exception
Build info: version: '4.25.0', revision: '8a8aea2337'
System info: os.name: 'Windows 11', os.arch: 'amd64', os.version: '10.0', java.version: '17.0.12'
Driver info: org.openqa.selenium.chrome.ChromeDriver
Command: [9d4fdc3da460ac0b38ef273b478dcd46, findElement {using=xpath, value=//input[@id="input-enquiry"]}]
Capabilities {acceptInsecureCerts: false, browserName: chrome, browserVersion: 139.0.7258.155, chrome: {chromedriverVersion: 139.0.7258.154 (9e0d6b2b47f..., userDataDir: C:\Users\aravi\AppData\Loca...}, fedcm:accounts: true, goog:chromeOptions: {debuggerAddress: localhost:55148}, networkConnectionEnabled: false, pageLoadStrategy: normal, platformName: windows, proxy: Proxy(), se:cdp: ws://localhost:55148/devtoo..., se:cdpVersion: 139.0.7258.155, setWindowRect: true, strictFileInteractability: false, timeouts: {implicit: 0, pageLoad: 300000, script: 30000}, unhandledPromptBehavior: dismiss and notify, webauthn:extension:credBlob: true, webauthn:extension:largeBlob: true, webauthn:extension:minPinLength: true, webauthn:extension:prf: true, webauthn:virtualAuthenticators: true}
Session ID: 9d4fdc3da460ac0b38ef273b478dcd46
at Base.BaseTest.logFailure(BaseTest.java:55)
at user.MiscTests.testContactUsFormSubmission(MiscTests.java:51)
at java.base/java.util.ArrayList.forEach(ArrayList.java:1511)
... Removed 28 stack frames]]>
    </failure>
  </testcase> <!-- testContactUsFormSubmission -->
  <testcase classname="user.ProfileTests" name="testEditProfileDetails" time="11.305">
    <failure type="java.lang.AssertionError" message="no such element: Unable to locate element: {&amp;quot;method&amp;quot;:&amp;quot;link text&amp;quot;,&amp;quot;selector&amp;quot;:&amp;quot;Login&amp;quot;}
  (Session info: chrome=139.0.7258.155)
For documentation on this error, please visit: https://www.selenium.dev/documentation/webdriver/troubleshooting/errors#no-such-element-exception
Build info: version: &amp;apos;4.25.0&amp;apos;, revision: &amp;apos;8a8aea2337&amp;apos;
System info: os.name: &amp;apos;Windows 11&amp;apos;, os.arch: &amp;apos;amd64&amp;apos;, os.version: &amp;apos;10.0&amp;apos;, java.version: &amp;apos;17.0.12&amp;apos;
Driver info: org.openqa.selenium.chrome.ChromeDriver
Command: [cd8a7638ba8ccfaff6bcb3d440805867, findElement {using=link text, value=Login}]
Capabilities {acceptInsecureCerts: false, browserName: chrome, browserVersion: 139.0.7258.155, chrome: {chromedriverVersion: 139.0.7258.154 (9e0d6b2b47f..., userDataDir: C:\Users\aravi\AppData\Loca...}, fedcm:accounts: true, goog:chromeOptions: {debuggerAddress: localhost:56809}, networkConnectionEnabled: false, pageLoadStrategy: normal, platformName: windows, proxy: Proxy(), se:cdp: ws://localhost:56809/devtoo..., se:cdpVersion: 139.0.7258.155, setWindowRect: true, strictFileInteractability: false, timeouts: {implicit: 0, pageLoad: 300000, script: 30000}, unhandledPromptBehavior: dismiss and notify, webauthn:extension:credBlob: true, webauthn:extension:largeBlob: true, webauthn:extension:minPinLength: true, webauthn:extension:prf: true, webauthn:virtualAuthenticators: true}
Session ID: cd8a7638ba8ccfaff6bcb3d440805867">
      <![CDATA[java.lang.AssertionError: no such element: Unable to locate element: {"method":"link text","selector":"Login"}
  (Session info: chrome=139.0.7258.155)
For documentation on this error, please visit: https://www.selenium.dev/documentation/webdriver/troubleshooting/errors#no-such-element-exception
Build info: version: '4.25.0', revision: '8a8aea2337'
System info: os.name: 'Windows 11', os.arch: 'amd64', os.version: '10.0', java.version: '17.0.12'
Driver info: org.openqa.selenium.chrome.ChromeDriver
Command: [cd8a7638ba8ccfaff6bcb3d440805867, findElement {using=link text, value=Login}]
Capabilities {acceptInsecureCerts: false, browserName: chrome, browserVersion: 139.0.7258.155, chrome: {chromedriverVersion: 139.0.7258.154 (9e0d6b2b47f..., userDataDir: C:\Users\aravi\AppData\Loca...}, fedcm:accounts: true, goog:chromeOptions: {debuggerAddress: localhost:56809}, networkConnectionEnabled: false, pageLoadStrategy: normal, platformName: windows, proxy: Proxy(), se:cdp: ws://localhost:56809/devtoo..., se:cdpVersion: 139.0.7258.155, setWindowRect: true, strictFileInteractability: false, timeouts: {implicit: 0, pageLoad: 300000, script: 30000}, unhandledPromptBehavior: dismiss and notify, webauthn:extension:credBlob: true, webauthn:extension:largeBlob: true, webauthn:extension:minPinLength: true, webauthn:extension:prf: true, webauthn:virtualAuthenticators: true}
Session ID: cd8a7638ba8ccfaff6bcb3d440805867
at Base.BaseTest.logFailure(BaseTest.java:55)
at user.ProfileTests.testEditProfileDetails(ProfileTests.java:50)
at java.base/java.util.ArrayList.forEach(ArrayList.java:1511)
... Removed 28 stack frames]]>
    </failure>
  </testcase> <!-- testEditProfileDetails -->
  <testcase classname="user.ProfileTests" name="testPasswordChangeFlow" time="11.334">
    <failure type="java.lang.AssertionError" message="no such element: Unable to locate element: {&amp;quot;method&amp;quot;:&amp;quot;link text&amp;quot;,&amp;quot;selector&amp;quot;:&amp;quot;Login&amp;quot;}
  (Session info: chrome=139.0.7258.155)
For documentation on this error, please visit: https://www.selenium.dev/documentation/webdriver/troubleshooting/errors#no-such-element-exception
Build info: version: &amp;apos;4.25.0&amp;apos;, revision: &amp;apos;8a8aea2337&amp;apos;
System info: os.name: &amp;apos;Windows 11&amp;apos;, os.arch: &amp;apos;amd64&amp;apos;, os.version: &amp;apos;10.0&amp;apos;, java.version: &amp;apos;17.0.12&amp;apos;
Driver info: org.openqa.selenium.chrome.ChromeDriver
Command: [81ae7b60bcb43e89860cfa942878f847, findElement {using=link text, value=Login}]
Capabilities {acceptInsecureCerts: false, browserName: chrome, browserVersion: 139.0.7258.155, chrome: {chromedriverVersion: 139.0.7258.154 (9e0d6b2b47f..., userDataDir: C:\Users\aravi\AppData\Loca...}, fedcm:accounts: true, goog:chromeOptions: {debuggerAddress: localhost:61988}, networkConnectionEnabled: false, pageLoadStrategy: normal, platformName: windows, proxy: Proxy(), se:cdp: ws://localhost:61988/devtoo..., se:cdpVersion: 139.0.7258.155, setWindowRect: true, strictFileInteractability: false, timeouts: {implicit: 0, pageLoad: 300000, script: 30000}, unhandledPromptBehavior: dismiss and notify, webauthn:extension:credBlob: true, webauthn:extension:largeBlob: true, webauthn:extension:minPinLength: true, webauthn:extension:prf: true, webauthn:virtualAuthenticators: true}
Session ID: 81ae7b60bcb43e89860cfa942878f847">
      <![CDATA[java.lang.AssertionError: no such element: Unable to locate element: {"method":"link text","selector":"Login"}
  (Session info: chrome=139.0.7258.155)
For documentation on this error, please visit: https://www.selenium.dev/documentation/webdriver/troubleshooting/errors#no-such-element-exception
Build info: version: '4.25.0', revision: '8a8aea2337'
System info: os.name: 'Windows 11', os.arch: 'amd64', os.version: '10.0', java.version: '17.0.12'
Driver info: org.openqa.selenium.chrome.ChromeDriver
Command: [81ae7b60bcb43e89860cfa942878f847, findElement {using=link text, value=Login}]
Capabilities {acceptInsecureCerts: false, browserName: chrome, browserVersion: 139.0.7258.155, chrome: {chromedriverVersion: 139.0.7258.154 (9e0d6b2b47f..., userDataDir: C:\Users\aravi\AppData\Loca...}, fedcm:accounts: true, goog:chromeOptions: {debuggerAddress: localhost:61988}, networkConnectionEnabled: false, pageLoadStrategy: normal, platformName: windows, proxy: Proxy(), se:cdp: ws://localhost:61988/devtoo..., se:cdpVersion: 139.0.7258.155, setWindowRect: true, strictFileInteractability: false, timeouts: {implicit: 0, pageLoad: 300000, script: 30000}, unhandledPromptBehavior: dismiss and notify, webauthn:extension:credBlob: true, webauthn:extension:largeBlob: true, webauthn:extension:minPinLength: true, webauthn:extension:prf: true, webauthn:virtualAuthenticators: true}
Session ID: 81ae7b60bcb43e89860cfa942878f847
at Base.BaseTest.logFailure(BaseTest.java:55)
at user.ProfileTests.testPasswordChangeFlow(ProfileTests.java:82)
at java.base/java.util.ArrayList.forEach(ArrayList.java:1511)
... Removed 28 stack frames]]>
    </failure>
  </testcase> <!-- testPasswordChangeFlow -->
  <testcase classname="user.ProfileTests" name="testForgotPasswordResetEmail" time="11.415">
    <failure type="java.lang.AssertionError" message="no such element: Unable to locate element: {&amp;quot;method&amp;quot;:&amp;quot;link text&amp;quot;,&amp;quot;selector&amp;quot;:&amp;quot;Login&amp;quot;}
  (Session info: chrome=139.0.7258.155)
For documentation on this error, please visit: https://www.selenium.dev/documentation/webdriver/troubleshooting/errors#no-such-element-exception
Build info: version: &amp;apos;4.25.0&amp;apos;, revision: &amp;apos;8a8aea2337&amp;apos;
System info: os.name: &amp;apos;Windows 11&amp;apos;, os.arch: &amp;apos;amd64&amp;apos;, os.version: &amp;apos;10.0&amp;apos;, java.version: &amp;apos;17.0.12&amp;apos;
Driver info: org.openqa.selenium.chrome.ChromeDriver
Command: [ced66a47be26a51c36d600a589e850e9, findElement {using=link text, value=Login}]
Capabilities {acceptInsecureCerts: false, browserName: chrome, browserVersion: 139.0.7258.155, chrome: {chromedriverVersion: 139.0.7258.154 (9e0d6b2b47f..., userDataDir: C:\Users\aravi\AppData\Loca...}, fedcm:accounts: true, goog:chromeOptions: {debuggerAddress: localhost:51411}, networkConnectionEnabled: false, pageLoadStrategy: normal, platformName: windows, proxy: Proxy(), se:cdp: ws://localhost:51411/devtoo..., se:cdpVersion: 139.0.7258.155, setWindowRect: true, strictFileInteractability: false, timeouts: {implicit: 0, pageLoad: 300000, script: 30000}, unhandledPromptBehavior: dismiss and notify, webauthn:extension:credBlob: true, webauthn:extension:largeBlob: true, webauthn:extension:minPinLength: true, webauthn:extension:prf: true, webauthn:virtualAuthenticators: true}
Session ID: ced66a47be26a51c36d600a589e850e9">
      <![CDATA[java.lang.AssertionError: no such element: Unable to locate element: {"method":"link text","selector":"Login"}
  (Session info: chrome=139.0.7258.155)
For documentation on this error, please visit: https://www.selenium.dev/documentation/webdriver/troubleshooting/errors#no-such-element-exception
Build info: version: '4.25.0', revision: '8a8aea2337'
System info: os.name: 'Windows 11', os.arch: 'amd64', os.version: '10.0', java.version: '17.0.12'
Driver info: org.openqa.selenium.chrome.ChromeDriver
Command: [ced66a47be26a51c36d600a589e850e9, findElement {using=link text, value=Login}]
Capabilities {acceptInsecureCerts: false, browserName: chrome, browserVersion: 139.0.7258.155, chrome: {chromedriverVersion: 139.0.7258.154 (9e0d6b2b47f..., userDataDir: C:\Users\aravi\AppData\Loca...}, fedcm:accounts: true, goog:chromeOptions: {debuggerAddress: localhost:51411}, networkConnectionEnabled: false, pageLoadStrategy: normal, platformName: windows, proxy: Proxy(), se:cdp: ws://localhost:51411/devtoo..., se:cdpVersion: 139.0.7258.155, setWindowRect: true, strictFileInteractability: false, timeouts: {implicit: 0, pageLoad: 300000, script: 30000}, unhandledPromptBehavior: dismiss and notify, webauthn:extension:credBlob: true, webauthn:extension:largeBlob: true, webauthn:extension:minPinLength: true, webauthn:extension:prf: true, webauthn:virtualAuthenticators: true}
Session ID: ced66a47be26a51c36d600a589e850e9
at Base.BaseTest.logFailure(BaseTest.java:55)
at user.ProfileTests.testForgotPasswordResetEmail(ProfileTests.java:109)
at java.base/java.util.ArrayList.forEach(ArrayList.java:1511)
... Removed 28 stack frames]]>
    </failure>
  </testcase> <!-- testForgotPasswordResetEmail -->
  <testcase classname="user.RegistrationTests" name="testValidUserRegistration" time="0.959">
    <failure type="java.lang.AssertionError">
      <![CDATA[java.lang.AssertionError
at org.junit.Assert.fail(Assert.java:87)
at org.junit.Assert.assertTrue(Assert.java:42)
at org.junit.Assert.assertTrue(Assert.java:53)
at user.RegistrationTests.testValidUserRegistration(RegistrationTests.java:31)
at java.base/java.util.ArrayList.forEach(ArrayList.java:1511)
... Removed 27 stack frames]]>
    </failure>
  </testcase> <!-- testValidUserRegistration -->
  <testcase classname="user.RegistrationTests" name="testDuplicateEmailRegistration" time="0.981"/>
  <testcase classname="user.UserSessionTests" name="testLogoutFunctionality" time="11.377">
    <failure type="java.lang.AssertionError" message="no such element: Unable to locate element: {&amp;quot;method&amp;quot;:&amp;quot;link text&amp;quot;,&amp;quot;selector&amp;quot;:&amp;quot;Logout&amp;quot;}
  (Session info: chrome=139.0.7258.155)
For documentation on this error, please visit: https://www.selenium.dev/documentation/webdriver/troubleshooting/errors#no-such-element-exception
Build info: version: &amp;apos;4.25.0&amp;apos;, revision: &amp;apos;8a8aea2337&amp;apos;
System info: os.name: &amp;apos;Windows 11&amp;apos;, os.arch: &amp;apos;amd64&amp;apos;, os.version: &amp;apos;10.0&amp;apos;, java.version: &amp;apos;17.0.12&amp;apos;
Driver info: org.openqa.selenium.chrome.ChromeDriver
Command: [f95332540969bb7cff5c10e6ca172b0c, findElement {using=link text, value=Logout}]
Capabilities {acceptInsecureCerts: false, browserName: chrome, browserVersion: 139.0.7258.155, chrome: {chromedriverVersion: 139.0.7258.154 (9e0d6b2b47f..., userDataDir: C:\Users\aravi\AppData\Loca...}, fedcm:accounts: true, goog:chromeOptions: {debuggerAddress: localhost:56619}, networkConnectionEnabled: false, pageLoadStrategy: normal, platformName: windows, proxy: Proxy(), se:cdp: ws://localhost:56619/devtoo..., se:cdpVersion: 139.0.7258.155, setWindowRect: true, strictFileInteractability: false, timeouts: {implicit: 0, pageLoad: 300000, script: 30000}, unhandledPromptBehavior: dismiss and notify, webauthn:extension:credBlob: true, webauthn:extension:largeBlob: true, webauthn:extension:minPinLength: true, webauthn:extension:prf: true, webauthn:virtualAuthenticators: true}
Session ID: f95332540969bb7cff5c10e6ca172b0c">
      <![CDATA[java.lang.AssertionError: no such element: Unable to locate element: {"method":"link text","selector":"Logout"}
  (Session info: chrome=139.0.7258.155)
For documentation on this error, please visit: https://www.selenium.dev/documentation/webdriver/troubleshooting/errors#no-such-element-exception
Build info: version: '4.25.0', revision: '8a8aea2337'
System info: os.name: 'Windows 11', os.arch: 'amd64', os.version: '10.0', java.version: '17.0.12'
Driver info: org.openqa.selenium.chrome.ChromeDriver
Command: [f95332540969bb7cff5c10e6ca172b0c, findElement {using=link text, value=Logout}]
Capabilities {acceptInsecureCerts: false, browserName: chrome, browserVersion: 139.0.7258.155, chrome: {chromedriverVersion: 139.0.7258.154 (9e0d6b2b47f..., userDataDir: C:\Users\aravi\AppData\Loca...}, fedcm:accounts: true, goog:chromeOptions: {debuggerAddress: localhost:56619}, networkConnectionEnabled: false, pageLoadStrategy: normal, platformName: windows, proxy: Proxy(), se:cdp: ws://localhost:56619/devtoo..., se:cdpVersion: 139.0.7258.155, setWindowRect: true, strictFileInteractability: false, timeouts: {implicit: 0, pageLoad: 300000, script: 30000}, unhandledPromptBehavior: dismiss and notify, webauthn:extension:credBlob: true, webauthn:extension:largeBlob: true, webauthn:extension:minPinLength: true, webauthn:extension:prf: true, webauthn:virtualAuthenticators: true}
Session ID: f95332540969bb7cff5c10e6ca172b0c
at Base.BaseTest.logFailure(BaseTest.java:55)
at user.UserSessionTests.testLogoutFunctionality(UserSessionTests.java:35)
at java.base/java.util.ArrayList.forEach(ArrayList.java:1511)
... Removed 28 stack frames]]>
    </failure>
  </testcase> <!-- testLogoutFunctionality -->
  <testcase classname="user.WishlistCompareTests" name="testAddToWishlist" time="0.002"/>
  <testcase classname="user.WishlistCompareTests" name="testCompareProducts" time="0.0"/>
</testsuite> <!-- Test -->
