<!DOCTYPE html PUBLIC "-//W3C//DTD XHTML 1.1//EN" "https://www.w3.org/TR/xhtml11/DTD/xhtml11.dtd">
<html xmlns="https://www.w3.org/1999/xhtml">
<head>
<meta http-equiv="content-type" content="text/html; charset=UTF-8"/>
<title>TestNG Report</title>
<style type="text/css">table {margin-bottom:10px;border-collapse:collapse;empty-cells:show}th,td {border:1px solid #009;padding:.25em .5em}th {vertical-align:bottom}td {vertical-align:top}table a {font-weight:bold}.stripe td {background-color: #E6EBF9}.num {text-align:right}.passedodd td {background-color: #3F3}.passedeven td {background-color: #0A0}.skippedodd td {background-color: #DDD}.skippedeven td {background-color: #CCC}.failedodd td,.attn {background-color: #F33}.failedeven td,.stripe .attn {background-color: #D00}.stacktrace {white-space:pre;font-family:monospace}.totop {font-size:85%;text-align:center;border-bottom:2px solid #000}.invisible {display:none}</style>
</head>
<body>
<table>
<tr><th>Test</th><th># Passed</th><th># Skipped</th><th># Retried</th><th># Failed</th><th>Time (ms)</th><th>Included Groups</th><th>Excluded Groups</th></tr>
<tr><th colspan="8">Suite</th></tr>
<tr><td><a href="#t0">Test</a></td><td class="num">40</td><td class="num attn">8</td><td class="num">0</td><td class="num attn">27</td><td class="num">387,878</td><td></td><td></td></tr>
</table>
<table id='summary'><thead><tr><th>Class</th><th>Method</th><th>Start</th><th>Time (ms)</th></tr></thead><tbody><tr><th colspan="4">Suite</th></tr></tbody><tbody id="t0"><tr><th colspan="4">Test &#8212; failed (configuration methods)</th></tr><tr class="failedeven"><td rowspan="1">search.FilterTests</td><td><a href="#m0">setup</a></td><td rowspan="1">1757239980665</td><td rowspan="1">7</td></tr><tr class="failedodd"><td rowspan="1">search.SortAndViewTests</td><td><a href="#m1">setup</a></td><td rowspan="1">1757239990208</td><td rowspan="1">1</td></tr><tr><th colspan="4">Test &#8212; failed</th></tr><tr class="failedeven"><td rowspan="1">Testcases.EndToEnd</td><td><a href="#m2">endToEndTest</a></td><td rowspan="1">1757239686140</td><td rowspan="1">2298</td></tr><tr class="failedodd"><td rowspan="1">Testcases.OrderHistory</td><td><a href="#m3">verifyOrderHistory</a></td><td rowspan="1">1757239698598</td><td rowspan="1">23397</td></tr><tr class="failedeven"><td rowspan="2">Testcases.Product</td><td><a href="#m4">checkout</a></td><td rowspan="1">1757239734679</td><td rowspan="1">22397</td></tr><tr class="failedeven"><td><a href="#m5">updateQuantityAndRemoveProductFromCart</a></td><td rowspan="1">1757239758436</td><td rowspan="1">12318</td></tr><tr class="failedodd"><td rowspan="3">Testcases.UserIdentity</td><td><a href="#m6">Login</a></td><td rowspan="1">1757239782256</td><td rowspan="1">720</td></tr><tr class="failedodd"><td><a href="#m7">Registration</a></td><td rowspan="1">1757239784150</td><td rowspan="1">953</td></tr><tr class="failedodd"><td><a href="#m8">forgottenPassword</a></td><td rowspan="1">1757239786279</td><td rowspan="1">1141</td></tr><tr class="failedeven"><td rowspan="3">cart.CartUpdateTests</td><td><a href="#m9">testInvalidQuantity</a></td><td rowspan="1">1757239809616</td><td rowspan="1">12137</td></tr><tr class="failedeven"><td><a href="#m10">testRemoveProductFromCart</a></td><td rowspan="1">1757239823055</td><td rowspan="1">21909</td></tr><tr class="failedeven"><td><a href="#m11">testUpdateCartQuantity</a></td><td rowspan="1">1757239794683</td><td rowspan="1">12092</td></tr><tr class="failedodd"><td rowspan="1">cart.CartValidationTests</td><td><a href="#m12">testCartSummaryDetails</a></td><td rowspan="1">1757239846328</td><td rowspan="1">21975</td></tr><tr class="failedeven"><td rowspan="4">checkout.CheckoutTests</td><td><a href="#m13">testAddNewDeliveryAddress</a></td><td rowspan="1">1757239944167</td><td rowspan="1">1746</td></tr><tr class="failedeven"><td><a href="#m14">testGuestCheckoutBillingShipping</a></td><td rowspan="1">1757239896958</td><td rowspan="1">43062</td></tr><tr class="failedeven"><td><a href="#m15">testProceedToCheckoutGuestOption</a></td><td rowspan="1">1757239873294</td><td rowspan="1">22434</td></tr><tr class="failedeven"><td><a href="#m16">testRegisteredUserCheckout</a></td><td rowspan="1">1757239941361</td><td rowspan="1">1706</td></tr><tr class="failedodd"><td rowspan="1">login.LoginTests</td><td><a href="#m17">testValidLogin</a></td><td rowspan="1">1757239973147</td><td rowspan="1">947</td></tr><tr class="failedeven"><td rowspan="1">order.OrderCompletionTests</td><td><a href="#m18">testPlaceOrderAndVerifyConfirmation</a></td><td rowspan="1">1757239975222</td><td rowspan="1">965</td></tr><tr class="failedodd"><td rowspan="1">order.OrderHistoryTests</td><td><a href="#m19">testViewOrderHistoryAndDetails</a></td><td rowspan="1">1757239977344</td><td rowspan="1">950</td></tr><tr class="failedeven"><td rowspan="1">order.OrderReturnTests</td><td><a href="#m20">testRequestAndVerifyProductReturn</a></td><td rowspan="1">1757239979451</td><td rowspan="1">963</td></tr><tr class="failedodd"><td rowspan="2">user.LoginTests</td><td><a href="#m21">testLoginInvalidCredentials</a></td><td rowspan="1">1757239994059</td><td rowspan="1">1712</td></tr><tr class="failedodd"><td><a href="#m22">testLoginValidCredentials</a></td><td rowspan="1">1757239991099</td><td rowspan="1">1719</td></tr><tr class="failedeven"><td rowspan="1">user.MiscTests</td><td><a href="#m23">testContactUsFormSubmission</a></td><td rowspan="1">1757239999208</td><td rowspan="1">11710</td></tr><tr class="failedodd"><td rowspan="3">user.ProfileTests</td><td><a href="#m24">testEditProfileDetails</a></td><td rowspan="1">1757240013869</td><td rowspan="1">11305</td></tr><tr class="failedodd"><td><a href="#m25">testForgotPasswordResetEmail</a></td><td rowspan="1">1757240038918</td><td rowspan="1">11415</td></tr><tr class="failedodd"><td><a href="#m26">testPasswordChangeFlow</a></td><td rowspan="1">1757240026414</td><td rowspan="1">11334</td></tr><tr class="failedeven"><td rowspan="1">user.RegistrationTests</td><td><a href="#m27">testValidUserRegistration</a></td><td rowspan="1">1757240051517</td><td rowspan="1">959</td></tr><tr class="failedodd"><td rowspan="1">user.UserSessionTests</td><td><a href="#m28">testLogoutFunctionality</a></td><td rowspan="1">1757240055701</td><td rowspan="1">11377</td></tr><tr><th colspan="4">Test &#8212; skipped (configuration methods)</th></tr><tr class="skippedeven"><td rowspan="5">search.FilterTests</td><td><a href="#m29">closeReport</a></td><td rowspan="1">1757239980687</td><td rowspan="1">0</td></tr><tr class="skippedeven"><td><a href="#m30">setUp</a></td><td rowspan="3">1757239980674</td><td rowspan="3">0</td></tr><tr class="skippedeven"><td><a href="#m31">setUp</a></td></tr><tr class="skippedeven"><td><a href="#m32">setUp</a></td></tr><tr class="skippedeven"><td><a href="#m33">tearDown</a></td><td rowspan="1">1757239980687</td><td rowspan="1">0</td></tr><tr class="skippedodd"><td rowspan="7">search.SortAndViewTests</td><td><a href="#m34">closeReport</a></td><td rowspan="1">1757239990226</td><td rowspan="1">0</td></tr><tr class="skippedodd"><td><a href="#m35">setUp</a></td><td rowspan="5">1757239990214</td><td rowspan="5">0</td></tr><tr class="skippedodd"><td><a href="#m36">setUp</a></td></tr><tr class="skippedodd"><td><a href="#m37">setUp</a></td></tr><tr class="skippedodd"><td><a href="#m38">setUp</a></td></tr><tr class="skippedodd"><td><a href="#m39">setUp</a></td></tr><tr class="skippedodd"><td><a href="#m40">tearDown</a></td><td rowspan="1">1757239990225</td><td rowspan="1">0</td></tr><tr><th colspan="4">Test &#8212; skipped</th></tr><tr class="skippedeven"><td rowspan="3">search.FilterTests</td><td><a href="#m41">testFilterByCategory</a></td><td rowspan="1">1757239980677</td><td rowspan="1">0</td></tr><tr class="skippedeven"><td><a href="#m42">testFilterByPriceRange</a></td><td rowspan="1">1757239980682</td><td rowspan="1">0</td></tr><tr class="skippedeven"><td><a href="#m43">testFilterWithNoMatchingPrice</a></td><td rowspan="1">1757239980685</td><td rowspan="1">0</td></tr><tr class="skippedodd"><td rowspan="5">search.SortAndViewTests</td><td><a href="#m44">testProductImageGallery</a></td><td rowspan="1">1757239990223</td><td rowspan="1">0</td></tr><tr class="skippedodd"><td><a href="#m45">testSortByNameAZ</a></td><td rowspan="1">1757239990212</td><td rowspan="1">1</td></tr><tr class="skippedodd"><td><a href="#m46">testSortByPriceLowToHigh</a></td><td rowspan="1">1757239990210</td><td rowspan="1">0</td></tr><tr class="skippedodd"><td><a href="#m47">testSortByRating</a></td><td rowspan="1">1757239990216</td><td rowspan="1">0</td></tr><tr class="skippedodd"><td><a href="#m48">testViewProductDetails</a></td><td rowspan="1">1757239990219</td><td rowspan="1">0</td></tr><tr><th colspan="4">Test &#8212; passed</th></tr><tr class="passedeven"><td rowspan="3">Testcases.NegativeScenarios</td><td><a href="#m49">invalidLogin</a></td><td rowspan="1">1757239690175</td><td rowspan="1">2153</td></tr><tr class="passedeven"><td><a href="#m50">searchWithBlankInput</a></td><td rowspan="1">1757239693542</td><td rowspan="1">1304</td></tr><tr class="passedeven"><td><a href="#m51">searchWithSpecialCharacters</a></td><td rowspan="1">1757239696068</td><td rowspan="1">1335</td></tr><tr class="passedodd"><td rowspan="4">Testcases.Product</td><td><a href="#m52">addProductToCart</a></td><td rowspan="1">1757239731486</td><td rowspan="1">2002</td></tr><tr class="passedodd"><td><a href="#m53">browseByCategoryAndFilter</a></td><td rowspan="1">1757239726324</td><td rowspan="1">1429</td></tr><tr class="passedodd"><td><a href="#m54">searchProductAndView</a></td><td rowspan="1">1757239723348</td><td rowspan="1">1777</td></tr><tr class="passedodd"><td><a href="#m55">searchProductInvalid</a></td><td rowspan="1">1757239728928</td><td rowspan="1">1405</td></tr><tr class="passedeven"><td rowspan="3">Testcases.UIChecks</td><td><a href="#m56">verifyLogo</a></td><td rowspan="1">1757239773675</td><td rowspan="1">803</td></tr><tr class="passedeven"><td><a href="#m57">verifyMainMenu</a></td><td rowspan="1">1757239775581</td><td rowspan="1">758</td></tr><tr class="passedeven"><td><a href="#m58">verifySearchBar</a></td><td rowspan="1">1757239777462</td><td rowspan="1">720</td></tr><tr class="passedodd"><td rowspan="1">Testcases.UserIdentity</td><td><a href="#m59">InvalidLogin</a></td><td rowspan="1">1757239779308</td><td rowspan="1">1815</td></tr><tr class="passedeven"><td rowspan="2">cart.AddToCartTests</td><td><a href="#m60">testAddProductSingleQty</a></td><td rowspan="1">1757239788593</td><td rowspan="1">1783</td></tr><tr class="passedeven"><td><a href="#m61">testAddProductSpecificQty</a></td><td rowspan="1">1757239791479</td><td rowspan="1">2041</td></tr><tr class="passedodd"><td rowspan="1">cart.CartValidationTests</td><td><a href="#m62">testCartPersistenceAcrossPages</a></td><td rowspan="1">1757239869565</td><td rowspan="1">2595</td></tr><tr class="passedeven"><td rowspan="1">checkout.CheckoutTests</td><td><a href="#m63">testMandatoryAddressFields</a></td><td rowspan="1">1757239947119</td><td rowspan="1">22333</td></tr><tr class="passedodd"><td rowspan="4">checkout.ShippingTests</td><td><a href="#m64">testDisplayShippingMethods</a></td><td rowspan="1">1757239969911</td><td rowspan="1">1</td></tr><tr class="passedodd"><td><a href="#m65">testExpressShippingCost</a></td><td rowspan="1">1757239969915</td><td rowspan="1">0</td></tr><tr class="passedodd"><td><a href="#m66">testShippingOptionPersistence</a></td><td rowspan="1">1757239969917</td><td rowspan="1">1</td></tr><tr class="passedodd"><td><a href="#m67">testStandardShippingCost</a></td><td rowspan="1">1757239969913</td><td rowspan="1">1</td></tr><tr class="passedeven"><td rowspan="1">login.LoginTests</td><td><a href="#m68">testInvalidLogin</a></td><td rowspan="1">1757239970851</td><td rowspan="1">1147</td></tr><tr class="passedodd"><td rowspan="4">order.CouponTests</td><td><a href="#m69">testApplyGiftVoucher</a></td><td rowspan="1">1757239974330</td><td rowspan="1">1</td></tr><tr class="passedodd"><td><a href="#m70">testApplyInvalidCoupon</a></td><td rowspan="1">1757239974332</td><td rowspan="1">0</td></tr><tr class="passedodd"><td><a href="#m71">testApplyValidCoupon</a></td><td rowspan="1">1757239974333</td><td rowspan="1">0</td></tr><tr class="passedodd"><td><a href="#m72">testRemoveCouponAndVerifyTotals</a></td><td rowspan="1">1757239974334</td><td rowspan="1">1</td></tr><tr class="passedeven"><td rowspan="1">order.OrderTests</td><td><a href="#m73">testSaveOrderToHistory</a></td><td rowspan="1">1757239980652</td><td rowspan="1">0</td></tr><tr class="passedodd"><td rowspan="7">order.PaymentTests</td><td><a href="#m74">testAcceptTermsAndConditions</a></td><td rowspan="1">1757239980655</td><td rowspan="1">0</td></tr><tr class="passedodd"><td><a href="#m75">testCashOnDelivery</a></td><td rowspan="1">1757239980656</td><td rowspan="1">0</td></tr><tr class="passedodd"><td><a href="#m76">testPayByCreditCardInvalid</a></td><td rowspan="1">1757239980657</td><td rowspan="1">0</td></tr><tr class="passedodd"><td><a href="#m77">testPayByCreditCardValid</a></td><td rowspan="1">1757239980658</td><td rowspan="1">1</td></tr><tr class="passedodd"><td><a href="#m78">testPayByNetBanking</a></td><td rowspan="1">1757239980660</td><td rowspan="1">1</td></tr><tr class="passedodd"><td><a href="#m79">testPayByUPI</a></td><td rowspan="1">1757239980662</td><td rowspan="1">0</td></tr><tr class="passedodd"><td><a href="#m80">testPaymentMethodsDisplayed</a></td><td rowspan="1">1757239980663</td><td rowspan="1">0</td></tr><tr class="passedeven"><td rowspan="4">search.SearchTests</td><td><a href="#m81">testBlankProductSearch</a></td><td rowspan="1">1757239986267</td><td rowspan="1">1233</td></tr><tr class="passedeven"><td><a href="#m82">testInvalidProductSearch</a></td><td rowspan="1">1757239983903</td><td rowspan="1">1240</td></tr><tr class="passedeven"><td><a href="#m83">testSpecialCharSearch</a></td><td rowspan="1">1757239988595</td><td rowspan="1">1359</td></tr><tr class="passedeven"><td><a href="#m84">testValidProductSearch</a></td><td rowspan="1">1757239981603</td><td rowspan="1">1208</td></tr><tr class="passedodd"><td rowspan="1">user.MiscTests</td><td><a href="#m85">testChangeCurrencyPersistence</a></td><td rowspan="1">1757239997035</td><td rowspan="1">963</td></tr><tr class="passedeven"><td rowspan="1">user.RegistrationTests</td><td><a href="#m86">testDuplicateEmailRegistration</a></td><td rowspan="1">1757240053601</td><td rowspan="1">981</td></tr><tr class="passedodd"><td rowspan="2">user.WishlistCompareTests</td><td><a href="#m87">testAddToWishlist</a></td><td rowspan="1">1757240068273</td><td rowspan="1">2</td></tr><tr class="passedodd"><td><a href="#m88">testCompareProducts</a></td><td rowspan="1">1757240069192</td><td rowspan="1">0</td></tr></tbody>
</table>
<h2>Test</h2><h3 id="m0">search.FilterTests#setup</h3><table class="result"><tr><th>Exception</th></tr><tr><td><div class="stacktrace">org.openqa.selenium.NoSuchSessionException: Session ID is null. Using WebDriver after calling quit()?
Build info: version: &apos;4.25.0&apos;, revision: &apos;8a8aea2337&apos;
System info: os.name: &apos;Windows 11&apos;, os.arch: &apos;amd64&apos;, os.version: &apos;10.0&apos;, java.version: &apos;17.0.12&apos;
Driver info: org.openqa.selenium.chrome.ChromeDriver
Command: [null, get {url=https://tutorialsninja.com/demo/}]
Capabilities {acceptInsecureCerts: false, browserName: chrome, browserVersion: 139.0.7258.155, chrome: {chromedriverVersion: 139.0.7258.154 (9e0d6b2b47f..., userDataDir: C:\Users\aravi\AppData\Loca...}, fedcm:accounts: true, goog:chromeOptions: {debuggerAddress: localhost:49815}, networkConnectionEnabled: false, pageLoadStrategy: normal, platformName: windows, proxy: Proxy(), se:cdp: ws://localhost:49815/devtoo..., se:cdpVersion: 139.0.7258.155, setWindowRect: true, strictFileInteractability: false, timeouts: {implicit: 0, pageLoad: 300000, script: 30000}, unhandledPromptBehavior: dismiss and notify, webauthn:extension:credBlob: true, webauthn:extension:largeBlob: true, webauthn:extension:minPinLength: true, webauthn:extension:prf: true, webauthn:virtualAuthenticators: true}
	at org.openqa.selenium.remote.HttpCommandExecutor.execute(HttpCommandExecutor.java:151)
	at org.openqa.selenium.remote.service.DriverCommandExecutor.invokeExecute(DriverCommandExecutor.java:216)
	at org.openqa.selenium.remote.service.DriverCommandExecutor.execute(DriverCommandExecutor.java:174)
	at org.openqa.selenium.remote.RemoteWebDriver.execute(RemoteWebDriver.java:545)
	at org.openqa.selenium.remote.RemoteWebDriver.get(RemoteWebDriver.java:313)
	at Pages.HomePage.&lt;init&gt;(HomePage.java:62)
	at search.FilterTests.setup(FilterTests.java:20)
	at java.base/java.util.ArrayList.forEach(ArrayList.java:1511)
... Removed 25 stack frames</div></td></tr></table><p class="totop"><a href="#summary">back to summary</a></p>
<h3 id="m1">search.SortAndViewTests#setup</h3><table class="result"><tr><th>Exception</th></tr><tr><td><div class="stacktrace">org.openqa.selenium.NoSuchSessionException: Session ID is null. Using WebDriver after calling quit()?
Build info: version: &apos;4.25.0&apos;, revision: &apos;8a8aea2337&apos;
System info: os.name: &apos;Windows 11&apos;, os.arch: &apos;amd64&apos;, os.version: &apos;10.0&apos;, java.version: &apos;17.0.12&apos;
Driver info: org.openqa.selenium.chrome.ChromeDriver
Command: [null, get {url=https://tutorialsninja.com/demo/}]
Capabilities {acceptInsecureCerts: false, browserName: chrome, browserVersion: 139.0.7258.155, chrome: {chromedriverVersion: 139.0.7258.154 (9e0d6b2b47f..., userDataDir: C:\Users\aravi\AppData\Loca...}, fedcm:accounts: true, goog:chromeOptions: {debuggerAddress: localhost:55857}, networkConnectionEnabled: false, pageLoadStrategy: normal, platformName: windows, proxy: Proxy(), se:cdp: ws://localhost:55857/devtoo..., se:cdpVersion: 139.0.7258.155, setWindowRect: true, strictFileInteractability: false, timeouts: {implicit: 0, pageLoad: 300000, script: 30000}, unhandledPromptBehavior: dismiss and notify, webauthn:extension:credBlob: true, webauthn:extension:largeBlob: true, webauthn:extension:minPinLength: true, webauthn:extension:prf: true, webauthn:virtualAuthenticators: true}
	at org.openqa.selenium.remote.HttpCommandExecutor.execute(HttpCommandExecutor.java:151)
	at org.openqa.selenium.remote.service.DriverCommandExecutor.invokeExecute(DriverCommandExecutor.java:216)
	at org.openqa.selenium.remote.service.DriverCommandExecutor.execute(DriverCommandExecutor.java:174)
	at org.openqa.selenium.remote.RemoteWebDriver.execute(RemoteWebDriver.java:545)
	at org.openqa.selenium.remote.RemoteWebDriver.get(RemoteWebDriver.java:313)
	at Pages.HomePage.&lt;init&gt;(HomePage.java:62)
	at search.SortAndViewTests.setup(SortAndViewTests.java:23)
	at java.base/java.util.ArrayList.forEach(ArrayList.java:1511)
... Removed 25 stack frames</div></td></tr></table><p class="totop"><a href="#summary">back to summary</a></p>
<h3 id="m2">Testcases.EndToEnd#endToEndTest</h3><table class="result"><tr><th>Exception</th></tr><tr><td><div class="stacktrace">java.lang.AssertionError: Registration Failed expected [true] but found [false]
	at Testcases.EndToEnd.endToEndTest(EndToEnd.java:31)
	at java.base/java.util.ArrayList.forEach(ArrayList.java:1511)
... Removed 30 stack frames</div></td></tr></table><p class="totop"><a href="#summary">back to summary</a></p>
<h3 id="m3">Testcases.OrderHistory#verifyOrderHistory</h3><table class="result"><tr><th>Exception</th></tr><tr><td><div class="stacktrace">java.lang.AssertionError: Selecting guest checkout failed expected [true] but found [false]
	at Testcases.OrderHistory.verifyOrderHistory(OrderHistory.java:40)
	at java.base/java.util.ArrayList.forEach(ArrayList.java:1511)
... Removed 30 stack frames</div></td></tr></table><p class="totop"><a href="#summary">back to summary</a></p>
<h3 id="m4">Testcases.Product#checkout</h3><table class="result"><tr><th>Exception</th></tr><tr><td><div class="stacktrace">java.lang.AssertionError: Selecting guest checkout failed expected [true] but found [false]
	at Testcases.Product.checkout(Product.java:82)
	at java.base/java.util.ArrayList.forEach(ArrayList.java:1511)
... Removed 30 stack frames</div></td></tr></table><p class="totop"><a href="#summary">back to summary</a></p>
<h3 id="m5">Testcases.Product#updateQuantityAndRemoveProductFromCart</h3><table class="result"><tr><th>Exception</th></tr><tr><td><div class="stacktrace">java.lang.AssertionError: Update quantity failed expected [true] but found [false]
	at Testcases.Product.updateQuantityAndRemoveProductFromCart(Product.java:102)
	at java.base/java.util.ArrayList.forEach(ArrayList.java:1511)
... Removed 30 stack frames</div></td></tr></table><p class="totop"><a href="#summary">back to summary</a></p>
<h3 id="m6">Testcases.UserIdentity#Login</h3><table class="result"><tr><th>Exception</th></tr><tr><td><div class="stacktrace">java.lang.IllegalArgumentException: Keys to send should be a not null CharSequence
	at org.openqa.selenium.remote.RemoteWebElement.sendKeys(RemoteWebElement.java:96)
	at org.openqa.selenium.support.pagefactory.internal.LocatingElementHandler.invoke(LocatingElementHandler.java:51)
	at jdk.proxy2/jdk.proxy2.$Proxy17.sendKeys(Unknown Source)
	at Pages.LoginPage.Accountlogin(LoginPage.java:49)
	at Testcases.UserIdentity.Login(UserIdentity.java:46)
	at java.base/java.util.ArrayList.forEach(ArrayList.java:1511)
... Removed 30 stack frames</div></td></tr></table><p class="totop"><a href="#summary">back to summary</a></p>
<h3 id="m7">Testcases.UserIdentity#Registration</h3><table class="result"><tr><th>Exception</th></tr><tr><td><div class="stacktrace">java.lang.AssertionError: Registration Failed expected [true] but found [false]
	at Testcases.UserIdentity.Registration(UserIdentity.java:28)
	at java.base/java.util.ArrayList.forEach(ArrayList.java:1511)
... Removed 30 stack frames</div></td></tr></table><p class="totop"><a href="#summary">back to summary</a></p>
<h3 id="m8">Testcases.UserIdentity#forgottenPassword</h3><table class="result"><tr><th>Exception</th></tr><tr><td><div class="stacktrace">java.lang.IllegalArgumentException: Keys to send should be a not null CharSequence
	at org.openqa.selenium.remote.RemoteWebElement.sendKeys(RemoteWebElement.java:96)
	at org.openqa.selenium.support.pagefactory.internal.LocatingElementHandler.invoke(LocatingElementHandler.java:51)
	at jdk.proxy2/jdk.proxy2.$Proxy17.sendKeys(Unknown Source)
	at Pages.LoginPage.forgottenPassword(LoginPage.java:76)
	at Testcases.UserIdentity.forgottenPassword(UserIdentity.java:66)
	at java.base/java.util.ArrayList.forEach(ArrayList.java:1511)
... Removed 30 stack frames</div></td></tr></table><p class="totop"><a href="#summary">back to summary</a></p>
<h3 id="m9">cart.CartUpdateTests#testInvalidQuantity</h3><table class="result"><tr><th>Exception</th></tr><tr><td><div class="stacktrace">java.lang.AssertionError: Invalid quantity test failed expected [true] but found [false]
	at cart.CartUpdateTests.testInvalidQuantity(CartUpdateTests.java:58)
	at java.base/java.util.ArrayList.forEach(ArrayList.java:1511)
... Removed 30 stack frames</div></td></tr></table><p class="totop"><a href="#summary">back to summary</a></p>
<h3 id="m10">cart.CartUpdateTests#testRemoveProductFromCart</h3><table class="result"><tr><th>Exception</th></tr><tr><td><div class="stacktrace">java.lang.AssertionError: Remove product failed expected [true] but found [false]
	at cart.CartUpdateTests.testRemoveProductFromCart(CartUpdateTests.java:81)
	at java.base/java.util.ArrayList.forEach(ArrayList.java:1511)
... Removed 30 stack frames</div></td></tr></table><p class="totop"><a href="#summary">back to summary</a></p>
<h3 id="m11">cart.CartUpdateTests#testUpdateCartQuantity</h3><table class="result"><tr><th>Exception</th></tr><tr><td><div class="stacktrace">java.lang.AssertionError: Update quantity failed expected [true] but found [false]
	at cart.CartUpdateTests.testUpdateCartQuantity(CartUpdateTests.java:35)
	at java.base/java.util.ArrayList.forEach(ArrayList.java:1511)
... Removed 30 stack frames</div></td></tr></table><p class="totop"><a href="#summary">back to summary</a></p>
<h3 id="m12">cart.CartValidationTests#testCartSummaryDetails</h3><table class="result"><tr><th>Exception</th></tr><tr><td><div class="stacktrace">java.lang.AssertionError: Cart summary verification failed expected [true] but found [false]
	at cart.CartValidationTests.testCartSummaryDetails(CartValidationTests.java:34)
	at java.base/java.util.ArrayList.forEach(ArrayList.java:1511)
... Removed 30 stack frames</div></td></tr></table><p class="totop"><a href="#summary">back to summary</a></p>
<h3 id="m13">checkout.CheckoutTests#testAddNewDeliveryAddress</h3><table class="result"><tr><th>Exception</th></tr><tr><td><div class="stacktrace">java.lang.AssertionError: Keys to send should be a not null CharSequence
	at Base.BaseTest.logFailure(BaseTest.java:55)
	at checkout.CheckoutTests.testAddNewDeliveryAddress(CheckoutTests.java:112)
	at java.base/java.util.ArrayList.forEach(ArrayList.java:1511)
... Removed 28 stack frames</div></td></tr></table><p class="totop"><a href="#summary">back to summary</a></p>
<h3 id="m14">checkout.CheckoutTests#testGuestCheckoutBillingShipping</h3><table class="result"><tr><th>Exception</th></tr><tr><td><div class="stacktrace">java.lang.AssertionError: Entering billing details failed expected [true] but found [false]
	at checkout.CheckoutTests.testGuestCheckoutBillingShipping(CheckoutTests.java:54)
	at java.base/java.util.ArrayList.forEach(ArrayList.java:1511)
... Removed 30 stack frames</div></td></tr></table><p class="totop"><a href="#summary">back to summary</a></p>
<h3 id="m15">checkout.CheckoutTests#testProceedToCheckoutGuestOption</h3><table class="result"><tr><th>Exception</th></tr><tr><td><div class="stacktrace">java.lang.AssertionError: Guest checkout selection failed expected [true] but found [false]
	at checkout.CheckoutTests.testProceedToCheckoutGuestOption(CheckoutTests.java:32)
	at java.base/java.util.ArrayList.forEach(ArrayList.java:1511)
... Removed 30 stack frames</div></td></tr></table><p class="totop"><a href="#summary">back to summary</a></p>
<h3 id="m16">checkout.CheckoutTests#testRegisteredUserCheckout</h3><table class="result"><tr><th>Exception</th></tr><tr><td><div class="stacktrace">java.lang.AssertionError: Keys to send should be a not null CharSequence
	at Base.BaseTest.logFailure(BaseTest.java:55)
	at checkout.CheckoutTests.testRegisteredUserCheckout(CheckoutTests.java:84)
	at java.base/java.util.ArrayList.forEach(ArrayList.java:1511)
... Removed 28 stack frames</div></td></tr></table><p class="totop"><a href="#summary">back to summary</a></p>
<h3 id="m17">login.LoginTests#testValidLogin</h3><table class="result"><tr><th>Exception</th></tr><tr><td><div class="stacktrace">java.lang.AssertionError: Registration Failed expected [true] but found [false]
	at login.LoginTests.testValidLogin(LoginTests.java:25)
	at java.base/java.util.ArrayList.forEach(ArrayList.java:1511)
... Removed 30 stack frames</div></td></tr></table><p class="totop"><a href="#summary">back to summary</a></p>
<h3 id="m18">order.OrderCompletionTests#testPlaceOrderAndVerifyConfirmation</h3><table class="result"><tr><th>Exception</th></tr><tr><td><div class="stacktrace">java.lang.AssertionError: Registration Failed expected [true] but found [false]
	at order.OrderCompletionTests.testPlaceOrderAndVerifyConfirmation(OrderCompletionTests.java:25)
	at java.base/java.util.ArrayList.forEach(ArrayList.java:1511)
... Removed 30 stack frames</div></td></tr></table><p class="totop"><a href="#summary">back to summary</a></p>
<h3 id="m19">order.OrderHistoryTests#testViewOrderHistoryAndDetails</h3><table class="result"><tr><th>Exception</th></tr><tr><td><div class="stacktrace">java.lang.AssertionError: Registration Failed expected [true] but found [false]
	at order.OrderHistoryTests.testViewOrderHistoryAndDetails(OrderHistoryTests.java:25)
	at java.base/java.util.ArrayList.forEach(ArrayList.java:1511)
... Removed 30 stack frames</div></td></tr></table><p class="totop"><a href="#summary">back to summary</a></p>
<h3 id="m20">order.OrderReturnTests#testRequestAndVerifyProductReturn</h3><table class="result"><tr><th>Exception</th></tr><tr><td><div class="stacktrace">java.lang.AssertionError: Registration Failed expected [true] but found [false]
	at order.OrderReturnTests.testRequestAndVerifyProductReturn(OrderReturnTests.java:25)
	at java.base/java.util.ArrayList.forEach(ArrayList.java:1511)
... Removed 30 stack frames</div></td></tr></table><p class="totop"><a href="#summary">back to summary</a></p>
<h3 id="m21">user.LoginTests#testLoginInvalidCredentials</h3><table class="result"><tr><th>Exception</th></tr><tr><td><div class="stacktrace">java.lang.AssertionError: Keys to send should be a not null CharSequence
	at Base.BaseTest.logFailure(BaseTest.java:55)
	at user.LoginTests.testLoginInvalidCredentials(LoginTests.java:61)
	at java.base/java.util.ArrayList.forEach(ArrayList.java:1511)
... Removed 28 stack frames</div></td></tr></table><p class="totop"><a href="#summary">back to summary</a></p>
<h3 id="m22">user.LoginTests#testLoginValidCredentials</h3><table class="result"><tr><th>Exception</th></tr><tr><td><div class="stacktrace">java.lang.AssertionError: Keys to send should be a not null CharSequence
	at Base.BaseTest.logFailure(BaseTest.java:55)
	at user.LoginTests.testLoginValidCredentials(LoginTests.java:40)
	at java.base/java.util.ArrayList.forEach(ArrayList.java:1511)
... Removed 28 stack frames</div></td></tr></table><p class="totop"><a href="#summary">back to summary</a></p>
<h3 id="m23">user.MiscTests#testContactUsFormSubmission</h3><table class="result"><tr><th>Exception</th></tr><tr><td><div class="stacktrace">java.lang.AssertionError: no such element: Unable to locate element: {&quot;method&quot;:&quot;xpath&quot;,&quot;selector&quot;:&quot;//input[@id=&quot;input-enquiry&quot;]&quot;}
  (Session info: chrome=139.0.7258.155)
For documentation on this error, please visit: https://www.selenium.dev/documentation/webdriver/troubleshooting/errors#no-such-element-exception
Build info: version: &apos;4.25.0&apos;, revision: &apos;8a8aea2337&apos;
System info: os.name: &apos;Windows 11&apos;, os.arch: &apos;amd64&apos;, os.version: &apos;10.0&apos;, java.version: &apos;17.0.12&apos;
Driver info: org.openqa.selenium.chrome.ChromeDriver
Command: [9d4fdc3da460ac0b38ef273b478dcd46, findElement {using=xpath, value=//input[@id=&quot;input-enquiry&quot;]}]
Capabilities {acceptInsecureCerts: false, browserName: chrome, browserVersion: 139.0.7258.155, chrome: {chromedriverVersion: 139.0.7258.154 (9e0d6b2b47f..., userDataDir: C:\Users\aravi\AppData\Loca...}, fedcm:accounts: true, goog:chromeOptions: {debuggerAddress: localhost:55148}, networkConnectionEnabled: false, pageLoadStrategy: normal, platformName: windows, proxy: Proxy(), se:cdp: ws://localhost:55148/devtoo..., se:cdpVersion: 139.0.7258.155, setWindowRect: true, strictFileInteractability: false, timeouts: {implicit: 0, pageLoad: 300000, script: 30000}, unhandledPromptBehavior: dismiss and notify, webauthn:extension:credBlob: true, webauthn:extension:largeBlob: true, webauthn:extension:minPinLength: true, webauthn:extension:prf: true, webauthn:virtualAuthenticators: true}
Session ID: 9d4fdc3da460ac0b38ef273b478dcd46
	at Base.BaseTest.logFailure(BaseTest.java:55)
	at user.MiscTests.testContactUsFormSubmission(MiscTests.java:51)
	at java.base/java.util.ArrayList.forEach(ArrayList.java:1511)
... Removed 28 stack frames</div></td></tr></table><p class="totop"><a href="#summary">back to summary</a></p>
<h3 id="m24">user.ProfileTests#testEditProfileDetails</h3><table class="result"><tr><th>Exception</th></tr><tr><td><div class="stacktrace">java.lang.AssertionError: no such element: Unable to locate element: {&quot;method&quot;:&quot;link text&quot;,&quot;selector&quot;:&quot;Login&quot;}
  (Session info: chrome=139.0.7258.155)
For documentation on this error, please visit: https://www.selenium.dev/documentation/webdriver/troubleshooting/errors#no-such-element-exception
Build info: version: &apos;4.25.0&apos;, revision: &apos;8a8aea2337&apos;
System info: os.name: &apos;Windows 11&apos;, os.arch: &apos;amd64&apos;, os.version: &apos;10.0&apos;, java.version: &apos;17.0.12&apos;
Driver info: org.openqa.selenium.chrome.ChromeDriver
Command: [cd8a7638ba8ccfaff6bcb3d440805867, findElement {using=link text, value=Login}]
Capabilities {acceptInsecureCerts: false, browserName: chrome, browserVersion: 139.0.7258.155, chrome: {chromedriverVersion: 139.0.7258.154 (9e0d6b2b47f..., userDataDir: C:\Users\aravi\AppData\Loca...}, fedcm:accounts: true, goog:chromeOptions: {debuggerAddress: localhost:56809}, networkConnectionEnabled: false, pageLoadStrategy: normal, platformName: windows, proxy: Proxy(), se:cdp: ws://localhost:56809/devtoo..., se:cdpVersion: 139.0.7258.155, setWindowRect: true, strictFileInteractability: false, timeouts: {implicit: 0, pageLoad: 300000, script: 30000}, unhandledPromptBehavior: dismiss and notify, webauthn:extension:credBlob: true, webauthn:extension:largeBlob: true, webauthn:extension:minPinLength: true, webauthn:extension:prf: true, webauthn:virtualAuthenticators: true}
Session ID: cd8a7638ba8ccfaff6bcb3d440805867
	at Base.BaseTest.logFailure(BaseTest.java:55)
	at user.ProfileTests.testEditProfileDetails(ProfileTests.java:50)
	at java.base/java.util.ArrayList.forEach(ArrayList.java:1511)
... Removed 28 stack frames</div></td></tr></table><p class="totop"><a href="#summary">back to summary</a></p>
<h3 id="m25">user.ProfileTests#testForgotPasswordResetEmail</h3><table class="result"><tr><th>Exception</th></tr><tr><td><div class="stacktrace">java.lang.AssertionError: no such element: Unable to locate element: {&quot;method&quot;:&quot;link text&quot;,&quot;selector&quot;:&quot;Login&quot;}
  (Session info: chrome=139.0.7258.155)
For documentation on this error, please visit: https://www.selenium.dev/documentation/webdriver/troubleshooting/errors#no-such-element-exception
Build info: version: &apos;4.25.0&apos;, revision: &apos;8a8aea2337&apos;
System info: os.name: &apos;Windows 11&apos;, os.arch: &apos;amd64&apos;, os.version: &apos;10.0&apos;, java.version: &apos;17.0.12&apos;
Driver info: org.openqa.selenium.chrome.ChromeDriver
Command: [ced66a47be26a51c36d600a589e850e9, findElement {using=link text, value=Login}]
Capabilities {acceptInsecureCerts: false, browserName: chrome, browserVersion: 139.0.7258.155, chrome: {chromedriverVersion: 139.0.7258.154 (9e0d6b2b47f..., userDataDir: C:\Users\aravi\AppData\Loca...}, fedcm:accounts: true, goog:chromeOptions: {debuggerAddress: localhost:51411}, networkConnectionEnabled: false, pageLoadStrategy: normal, platformName: windows, proxy: Proxy(), se:cdp: ws://localhost:51411/devtoo..., se:cdpVersion: 139.0.7258.155, setWindowRect: true, strictFileInteractability: false, timeouts: {implicit: 0, pageLoad: 300000, script: 30000}, unhandledPromptBehavior: dismiss and notify, webauthn:extension:credBlob: true, webauthn:extension:largeBlob: true, webauthn:extension:minPinLength: true, webauthn:extension:prf: true, webauthn:virtualAuthenticators: true}
Session ID: ced66a47be26a51c36d600a589e850e9
	at Base.BaseTest.logFailure(BaseTest.java:55)
	at user.ProfileTests.testForgotPasswordResetEmail(ProfileTests.java:109)
	at java.base/java.util.ArrayList.forEach(ArrayList.java:1511)
... Removed 28 stack frames</div></td></tr></table><p class="totop"><a href="#summary">back to summary</a></p>
<h3 id="m26">user.ProfileTests#testPasswordChangeFlow</h3><table class="result"><tr><th>Exception</th></tr><tr><td><div class="stacktrace">java.lang.AssertionError: no such element: Unable to locate element: {&quot;method&quot;:&quot;link text&quot;,&quot;selector&quot;:&quot;Login&quot;}
  (Session info: chrome=139.0.7258.155)
For documentation on this error, please visit: https://www.selenium.dev/documentation/webdriver/troubleshooting/errors#no-such-element-exception
Build info: version: &apos;4.25.0&apos;, revision: &apos;8a8aea2337&apos;
System info: os.name: &apos;Windows 11&apos;, os.arch: &apos;amd64&apos;, os.version: &apos;10.0&apos;, java.version: &apos;17.0.12&apos;
Driver info: org.openqa.selenium.chrome.ChromeDriver
Command: [81ae7b60bcb43e89860cfa942878f847, findElement {using=link text, value=Login}]
Capabilities {acceptInsecureCerts: false, browserName: chrome, browserVersion: 139.0.7258.155, chrome: {chromedriverVersion: 139.0.7258.154 (9e0d6b2b47f..., userDataDir: C:\Users\aravi\AppData\Loca...}, fedcm:accounts: true, goog:chromeOptions: {debuggerAddress: localhost:61988}, networkConnectionEnabled: false, pageLoadStrategy: normal, platformName: windows, proxy: Proxy(), se:cdp: ws://localhost:61988/devtoo..., se:cdpVersion: 139.0.7258.155, setWindowRect: true, strictFileInteractability: false, timeouts: {implicit: 0, pageLoad: 300000, script: 30000}, unhandledPromptBehavior: dismiss and notify, webauthn:extension:credBlob: true, webauthn:extension:largeBlob: true, webauthn:extension:minPinLength: true, webauthn:extension:prf: true, webauthn:virtualAuthenticators: true}
Session ID: 81ae7b60bcb43e89860cfa942878f847
	at Base.BaseTest.logFailure(BaseTest.java:55)
	at user.ProfileTests.testPasswordChangeFlow(ProfileTests.java:82)
	at java.base/java.util.ArrayList.forEach(ArrayList.java:1511)
... Removed 28 stack frames</div></td></tr></table><p class="totop"><a href="#summary">back to summary</a></p>
<h3 id="m27">user.RegistrationTests#testValidUserRegistration</h3><table class="result"><tr><th>Exception</th></tr><tr><td><div class="stacktrace">java.lang.AssertionError
	at org.junit.Assert.fail(Assert.java:87)
	at org.junit.Assert.assertTrue(Assert.java:42)
	at org.junit.Assert.assertTrue(Assert.java:53)
	at user.RegistrationTests.testValidUserRegistration(RegistrationTests.java:31)
	at java.base/java.util.ArrayList.forEach(ArrayList.java:1511)
... Removed 27 stack frames</div></td></tr></table><p class="totop"><a href="#summary">back to summary</a></p>
<h3 id="m28">user.UserSessionTests#testLogoutFunctionality</h3><table class="result"><tr><th>Exception</th></tr><tr><td><div class="stacktrace">java.lang.AssertionError: no such element: Unable to locate element: {&quot;method&quot;:&quot;link text&quot;,&quot;selector&quot;:&quot;Logout&quot;}
  (Session info: chrome=139.0.7258.155)
For documentation on this error, please visit: https://www.selenium.dev/documentation/webdriver/troubleshooting/errors#no-such-element-exception
Build info: version: &apos;4.25.0&apos;, revision: &apos;8a8aea2337&apos;
System info: os.name: &apos;Windows 11&apos;, os.arch: &apos;amd64&apos;, os.version: &apos;10.0&apos;, java.version: &apos;17.0.12&apos;
Driver info: org.openqa.selenium.chrome.ChromeDriver
Command: [f95332540969bb7cff5c10e6ca172b0c, findElement {using=link text, value=Logout}]
Capabilities {acceptInsecureCerts: false, browserName: chrome, browserVersion: 139.0.7258.155, chrome: {chromedriverVersion: 139.0.7258.154 (9e0d6b2b47f..., userDataDir: C:\Users\aravi\AppData\Loca...}, fedcm:accounts: true, goog:chromeOptions: {debuggerAddress: localhost:56619}, networkConnectionEnabled: false, pageLoadStrategy: normal, platformName: windows, proxy: Proxy(), se:cdp: ws://localhost:56619/devtoo..., se:cdpVersion: 139.0.7258.155, setWindowRect: true, strictFileInteractability: false, timeouts: {implicit: 0, pageLoad: 300000, script: 30000}, unhandledPromptBehavior: dismiss and notify, webauthn:extension:credBlob: true, webauthn:extension:largeBlob: true, webauthn:extension:minPinLength: true, webauthn:extension:prf: true, webauthn:virtualAuthenticators: true}
Session ID: f95332540969bb7cff5c10e6ca172b0c
	at Base.BaseTest.logFailure(BaseTest.java:55)
	at user.UserSessionTests.testLogoutFunctionality(UserSessionTests.java:35)
	at java.base/java.util.ArrayList.forEach(ArrayList.java:1511)
... Removed 28 stack frames</div></td></tr></table><p class="totop"><a href="#summary">back to summary</a></p>
<h3 id="m29">search.FilterTests#closeReport</h3><table class="result"><tr><th class="invisible"/></tr></table><p class="totop"><a href="#summary">back to summary</a></p>
<h3 id="m30">search.FilterTests#setUp</h3><table class="result"><tr><th class="invisible"/></tr></table><p class="totop"><a href="#summary">back to summary</a></p>
<h3 id="m31">search.FilterTests#setUp</h3><table class="result"><tr><th class="invisible"/></tr></table><p class="totop"><a href="#summary">back to summary</a></p>
<h3 id="m32">search.FilterTests#setUp</h3><table class="result"><tr><th class="invisible"/></tr></table><p class="totop"><a href="#summary">back to summary</a></p>
<h3 id="m33">search.FilterTests#tearDown</h3><table class="result"><tr><th class="invisible"/></tr></table><p class="totop"><a href="#summary">back to summary</a></p>
<h3 id="m34">search.SortAndViewTests#closeReport</h3><table class="result"><tr><th class="invisible"/></tr></table><p class="totop"><a href="#summary">back to summary</a></p>
<h3 id="m35">search.SortAndViewTests#setUp</h3><table class="result"><tr><th class="invisible"/></tr></table><p class="totop"><a href="#summary">back to summary</a></p>
<h3 id="m36">search.SortAndViewTests#setUp</h3><table class="result"><tr><th class="invisible"/></tr></table><p class="totop"><a href="#summary">back to summary</a></p>
<h3 id="m37">search.SortAndViewTests#setUp</h3><table class="result"><tr><th class="invisible"/></tr></table><p class="totop"><a href="#summary">back to summary</a></p>
<h3 id="m38">search.SortAndViewTests#setUp</h3><table class="result"><tr><th class="invisible"/></tr></table><p class="totop"><a href="#summary">back to summary</a></p>
<h3 id="m39">search.SortAndViewTests#setUp</h3><table class="result"><tr><th class="invisible"/></tr></table><p class="totop"><a href="#summary">back to summary</a></p>
<h3 id="m40">search.SortAndViewTests#tearDown</h3><table class="result"><tr><th class="invisible"/></tr></table><p class="totop"><a href="#summary">back to summary</a></p>
<h3 id="m41">search.FilterTests#testFilterByCategory</h3><table class="result"><tr><th>Exception</th></tr><tr><td><div class="stacktrace">org.openqa.selenium.NoSuchSessionException: Session ID is null. Using WebDriver after calling quit()?
Build info: version: &apos;4.25.0&apos;, revision: &apos;8a8aea2337&apos;
System info: os.name: &apos;Windows 11&apos;, os.arch: &apos;amd64&apos;, os.version: &apos;10.0&apos;, java.version: &apos;17.0.12&apos;
Driver info: org.openqa.selenium.chrome.ChromeDriver
Command: [null, get {url=https://tutorialsninja.com/demo/}]
Capabilities {acceptInsecureCerts: false, browserName: chrome, browserVersion: 139.0.7258.155, chrome: {chromedriverVersion: 139.0.7258.154 (9e0d6b2b47f..., userDataDir: C:\Users\aravi\AppData\Loca...}, fedcm:accounts: true, goog:chromeOptions: {debuggerAddress: localhost:49815}, networkConnectionEnabled: false, pageLoadStrategy: normal, platformName: windows, proxy: Proxy(), se:cdp: ws://localhost:49815/devtoo..., se:cdpVersion: 139.0.7258.155, setWindowRect: true, strictFileInteractability: false, timeouts: {implicit: 0, pageLoad: 300000, script: 30000}, unhandledPromptBehavior: dismiss and notify, webauthn:extension:credBlob: true, webauthn:extension:largeBlob: true, webauthn:extension:minPinLength: true, webauthn:extension:prf: true, webauthn:virtualAuthenticators: true}
	at org.openqa.selenium.remote.HttpCommandExecutor.execute(HttpCommandExecutor.java:151)
	at org.openqa.selenium.remote.service.DriverCommandExecutor.invokeExecute(DriverCommandExecutor.java:216)
	at org.openqa.selenium.remote.service.DriverCommandExecutor.execute(DriverCommandExecutor.java:174)
	at org.openqa.selenium.remote.RemoteWebDriver.execute(RemoteWebDriver.java:545)
	at org.openqa.selenium.remote.RemoteWebDriver.get(RemoteWebDriver.java:313)
	at Pages.HomePage.&lt;init&gt;(HomePage.java:62)
	at search.FilterTests.setup(FilterTests.java:20)
	at java.base/java.util.ArrayList.forEach(ArrayList.java:1511)
... Removed 25 stack frames</div></td></tr></table><p class="totop"><a href="#summary">back to summary</a></p>
<h3 id="m42">search.FilterTests#testFilterByPriceRange</h3><table class="result"><tr><th>Exception</th></tr><tr><td><div class="stacktrace">org.openqa.selenium.NoSuchSessionException: Session ID is null. Using WebDriver after calling quit()?
Build info: version: &apos;4.25.0&apos;, revision: &apos;8a8aea2337&apos;
System info: os.name: &apos;Windows 11&apos;, os.arch: &apos;amd64&apos;, os.version: &apos;10.0&apos;, java.version: &apos;17.0.12&apos;
Driver info: org.openqa.selenium.chrome.ChromeDriver
Command: [null, get {url=https://tutorialsninja.com/demo/}]
Capabilities {acceptInsecureCerts: false, browserName: chrome, browserVersion: 139.0.7258.155, chrome: {chromedriverVersion: 139.0.7258.154 (9e0d6b2b47f..., userDataDir: C:\Users\aravi\AppData\Loca...}, fedcm:accounts: true, goog:chromeOptions: {debuggerAddress: localhost:49815}, networkConnectionEnabled: false, pageLoadStrategy: normal, platformName: windows, proxy: Proxy(), se:cdp: ws://localhost:49815/devtoo..., se:cdpVersion: 139.0.7258.155, setWindowRect: true, strictFileInteractability: false, timeouts: {implicit: 0, pageLoad: 300000, script: 30000}, unhandledPromptBehavior: dismiss and notify, webauthn:extension:credBlob: true, webauthn:extension:largeBlob: true, webauthn:extension:minPinLength: true, webauthn:extension:prf: true, webauthn:virtualAuthenticators: true}
	at org.openqa.selenium.remote.HttpCommandExecutor.execute(HttpCommandExecutor.java:151)
	at org.openqa.selenium.remote.service.DriverCommandExecutor.invokeExecute(DriverCommandExecutor.java:216)
	at org.openqa.selenium.remote.service.DriverCommandExecutor.execute(DriverCommandExecutor.java:174)
	at org.openqa.selenium.remote.RemoteWebDriver.execute(RemoteWebDriver.java:545)
	at org.openqa.selenium.remote.RemoteWebDriver.get(RemoteWebDriver.java:313)
	at Pages.HomePage.&lt;init&gt;(HomePage.java:62)
	at search.FilterTests.setup(FilterTests.java:20)
	at java.base/java.util.ArrayList.forEach(ArrayList.java:1511)
... Removed 25 stack frames</div></td></tr></table><p class="totop"><a href="#summary">back to summary</a></p>
<h3 id="m43">search.FilterTests#testFilterWithNoMatchingPrice</h3><table class="result"><tr><th>Exception</th></tr><tr><td><div class="stacktrace">org.openqa.selenium.NoSuchSessionException: Session ID is null. Using WebDriver after calling quit()?
Build info: version: &apos;4.25.0&apos;, revision: &apos;8a8aea2337&apos;
System info: os.name: &apos;Windows 11&apos;, os.arch: &apos;amd64&apos;, os.version: &apos;10.0&apos;, java.version: &apos;17.0.12&apos;
Driver info: org.openqa.selenium.chrome.ChromeDriver
Command: [null, get {url=https://tutorialsninja.com/demo/}]
Capabilities {acceptInsecureCerts: false, browserName: chrome, browserVersion: 139.0.7258.155, chrome: {chromedriverVersion: 139.0.7258.154 (9e0d6b2b47f..., userDataDir: C:\Users\aravi\AppData\Loca...}, fedcm:accounts: true, goog:chromeOptions: {debuggerAddress: localhost:49815}, networkConnectionEnabled: false, pageLoadStrategy: normal, platformName: windows, proxy: Proxy(), se:cdp: ws://localhost:49815/devtoo..., se:cdpVersion: 139.0.7258.155, setWindowRect: true, strictFileInteractability: false, timeouts: {implicit: 0, pageLoad: 300000, script: 30000}, unhandledPromptBehavior: dismiss and notify, webauthn:extension:credBlob: true, webauthn:extension:largeBlob: true, webauthn:extension:minPinLength: true, webauthn:extension:prf: true, webauthn:virtualAuthenticators: true}
	at org.openqa.selenium.remote.HttpCommandExecutor.execute(HttpCommandExecutor.java:151)
	at org.openqa.selenium.remote.service.DriverCommandExecutor.invokeExecute(DriverCommandExecutor.java:216)
	at org.openqa.selenium.remote.service.DriverCommandExecutor.execute(DriverCommandExecutor.java:174)
	at org.openqa.selenium.remote.RemoteWebDriver.execute(RemoteWebDriver.java:545)
	at org.openqa.selenium.remote.RemoteWebDriver.get(RemoteWebDriver.java:313)
	at Pages.HomePage.&lt;init&gt;(HomePage.java:62)
	at search.FilterTests.setup(FilterTests.java:20)
	at java.base/java.util.ArrayList.forEach(ArrayList.java:1511)
... Removed 25 stack frames</div></td></tr></table><p class="totop"><a href="#summary">back to summary</a></p>
<h3 id="m44">search.SortAndViewTests#testProductImageGallery</h3><table class="result"><tr><th>Exception</th></tr><tr><td><div class="stacktrace">org.openqa.selenium.NoSuchSessionException: Session ID is null. Using WebDriver after calling quit()?
Build info: version: &apos;4.25.0&apos;, revision: &apos;8a8aea2337&apos;
System info: os.name: &apos;Windows 11&apos;, os.arch: &apos;amd64&apos;, os.version: &apos;10.0&apos;, java.version: &apos;17.0.12&apos;
Driver info: org.openqa.selenium.chrome.ChromeDriver
Command: [null, get {url=https://tutorialsninja.com/demo/}]
Capabilities {acceptInsecureCerts: false, browserName: chrome, browserVersion: 139.0.7258.155, chrome: {chromedriverVersion: 139.0.7258.154 (9e0d6b2b47f..., userDataDir: C:\Users\aravi\AppData\Loca...}, fedcm:accounts: true, goog:chromeOptions: {debuggerAddress: localhost:55857}, networkConnectionEnabled: false, pageLoadStrategy: normal, platformName: windows, proxy: Proxy(), se:cdp: ws://localhost:55857/devtoo..., se:cdpVersion: 139.0.7258.155, setWindowRect: true, strictFileInteractability: false, timeouts: {implicit: 0, pageLoad: 300000, script: 30000}, unhandledPromptBehavior: dismiss and notify, webauthn:extension:credBlob: true, webauthn:extension:largeBlob: true, webauthn:extension:minPinLength: true, webauthn:extension:prf: true, webauthn:virtualAuthenticators: true}
	at org.openqa.selenium.remote.HttpCommandExecutor.execute(HttpCommandExecutor.java:151)
	at org.openqa.selenium.remote.service.DriverCommandExecutor.invokeExecute(DriverCommandExecutor.java:216)
	at org.openqa.selenium.remote.service.DriverCommandExecutor.execute(DriverCommandExecutor.java:174)
	at org.openqa.selenium.remote.RemoteWebDriver.execute(RemoteWebDriver.java:545)
	at org.openqa.selenium.remote.RemoteWebDriver.get(RemoteWebDriver.java:313)
	at Pages.HomePage.&lt;init&gt;(HomePage.java:62)
	at search.SortAndViewTests.setup(SortAndViewTests.java:23)
	at java.base/java.util.ArrayList.forEach(ArrayList.java:1511)
... Removed 25 stack frames</div></td></tr></table><p class="totop"><a href="#summary">back to summary</a></p>
<h3 id="m45">search.SortAndViewTests#testSortByNameAZ</h3><table class="result"><tr><th>Exception</th></tr><tr><td><div class="stacktrace">org.openqa.selenium.NoSuchSessionException: Session ID is null. Using WebDriver after calling quit()?
Build info: version: &apos;4.25.0&apos;, revision: &apos;8a8aea2337&apos;
System info: os.name: &apos;Windows 11&apos;, os.arch: &apos;amd64&apos;, os.version: &apos;10.0&apos;, java.version: &apos;17.0.12&apos;
Driver info: org.openqa.selenium.chrome.ChromeDriver
Command: [null, get {url=https://tutorialsninja.com/demo/}]
Capabilities {acceptInsecureCerts: false, browserName: chrome, browserVersion: 139.0.7258.155, chrome: {chromedriverVersion: 139.0.7258.154 (9e0d6b2b47f..., userDataDir: C:\Users\aravi\AppData\Loca...}, fedcm:accounts: true, goog:chromeOptions: {debuggerAddress: localhost:55857}, networkConnectionEnabled: false, pageLoadStrategy: normal, platformName: windows, proxy: Proxy(), se:cdp: ws://localhost:55857/devtoo..., se:cdpVersion: 139.0.7258.155, setWindowRect: true, strictFileInteractability: false, timeouts: {implicit: 0, pageLoad: 300000, script: 30000}, unhandledPromptBehavior: dismiss and notify, webauthn:extension:credBlob: true, webauthn:extension:largeBlob: true, webauthn:extension:minPinLength: true, webauthn:extension:prf: true, webauthn:virtualAuthenticators: true}
	at org.openqa.selenium.remote.HttpCommandExecutor.execute(HttpCommandExecutor.java:151)
	at org.openqa.selenium.remote.service.DriverCommandExecutor.invokeExecute(DriverCommandExecutor.java:216)
	at org.openqa.selenium.remote.service.DriverCommandExecutor.execute(DriverCommandExecutor.java:174)
	at org.openqa.selenium.remote.RemoteWebDriver.execute(RemoteWebDriver.java:545)
	at org.openqa.selenium.remote.RemoteWebDriver.get(RemoteWebDriver.java:313)
	at Pages.HomePage.&lt;init&gt;(HomePage.java:62)
	at search.SortAndViewTests.setup(SortAndViewTests.java:23)
	at java.base/java.util.ArrayList.forEach(ArrayList.java:1511)
... Removed 25 stack frames</div></td></tr></table><p class="totop"><a href="#summary">back to summary</a></p>
<h3 id="m46">search.SortAndViewTests#testSortByPriceLowToHigh</h3><table class="result"><tr><th>Exception</th></tr><tr><td><div class="stacktrace">org.openqa.selenium.NoSuchSessionException: Session ID is null. Using WebDriver after calling quit()?
Build info: version: &apos;4.25.0&apos;, revision: &apos;8a8aea2337&apos;
System info: os.name: &apos;Windows 11&apos;, os.arch: &apos;amd64&apos;, os.version: &apos;10.0&apos;, java.version: &apos;17.0.12&apos;
Driver info: org.openqa.selenium.chrome.ChromeDriver
Command: [null, get {url=https://tutorialsninja.com/demo/}]
Capabilities {acceptInsecureCerts: false, browserName: chrome, browserVersion: 139.0.7258.155, chrome: {chromedriverVersion: 139.0.7258.154 (9e0d6b2b47f..., userDataDir: C:\Users\aravi\AppData\Loca...}, fedcm:accounts: true, goog:chromeOptions: {debuggerAddress: localhost:55857}, networkConnectionEnabled: false, pageLoadStrategy: normal, platformName: windows, proxy: Proxy(), se:cdp: ws://localhost:55857/devtoo..., se:cdpVersion: 139.0.7258.155, setWindowRect: true, strictFileInteractability: false, timeouts: {implicit: 0, pageLoad: 300000, script: 30000}, unhandledPromptBehavior: dismiss and notify, webauthn:extension:credBlob: true, webauthn:extension:largeBlob: true, webauthn:extension:minPinLength: true, webauthn:extension:prf: true, webauthn:virtualAuthenticators: true}
	at org.openqa.selenium.remote.HttpCommandExecutor.execute(HttpCommandExecutor.java:151)
	at org.openqa.selenium.remote.service.DriverCommandExecutor.invokeExecute(DriverCommandExecutor.java:216)
	at org.openqa.selenium.remote.service.DriverCommandExecutor.execute(DriverCommandExecutor.java:174)
	at org.openqa.selenium.remote.RemoteWebDriver.execute(RemoteWebDriver.java:545)
	at org.openqa.selenium.remote.RemoteWebDriver.get(RemoteWebDriver.java:313)
	at Pages.HomePage.&lt;init&gt;(HomePage.java:62)
	at search.SortAndViewTests.setup(SortAndViewTests.java:23)
	at java.base/java.util.ArrayList.forEach(ArrayList.java:1511)
... Removed 25 stack frames</div></td></tr></table><p class="totop"><a href="#summary">back to summary</a></p>
<h3 id="m47">search.SortAndViewTests#testSortByRating</h3><table class="result"><tr><th>Exception</th></tr><tr><td><div class="stacktrace">org.openqa.selenium.NoSuchSessionException: Session ID is null. Using WebDriver after calling quit()?
Build info: version: &apos;4.25.0&apos;, revision: &apos;8a8aea2337&apos;
System info: os.name: &apos;Windows 11&apos;, os.arch: &apos;amd64&apos;, os.version: &apos;10.0&apos;, java.version: &apos;17.0.12&apos;
Driver info: org.openqa.selenium.chrome.ChromeDriver
Command: [null, get {url=https://tutorialsninja.com/demo/}]
Capabilities {acceptInsecureCerts: false, browserName: chrome, browserVersion: 139.0.7258.155, chrome: {chromedriverVersion: 139.0.7258.154 (9e0d6b2b47f..., userDataDir: C:\Users\aravi\AppData\Loca...}, fedcm:accounts: true, goog:chromeOptions: {debuggerAddress: localhost:55857}, networkConnectionEnabled: false, pageLoadStrategy: normal, platformName: windows, proxy: Proxy(), se:cdp: ws://localhost:55857/devtoo..., se:cdpVersion: 139.0.7258.155, setWindowRect: true, strictFileInteractability: false, timeouts: {implicit: 0, pageLoad: 300000, script: 30000}, unhandledPromptBehavior: dismiss and notify, webauthn:extension:credBlob: true, webauthn:extension:largeBlob: true, webauthn:extension:minPinLength: true, webauthn:extension:prf: true, webauthn:virtualAuthenticators: true}
	at org.openqa.selenium.remote.HttpCommandExecutor.execute(HttpCommandExecutor.java:151)
	at org.openqa.selenium.remote.service.DriverCommandExecutor.invokeExecute(DriverCommandExecutor.java:216)
	at org.openqa.selenium.remote.service.DriverCommandExecutor.execute(DriverCommandExecutor.java:174)
	at org.openqa.selenium.remote.RemoteWebDriver.execute(RemoteWebDriver.java:545)
	at org.openqa.selenium.remote.RemoteWebDriver.get(RemoteWebDriver.java:313)
	at Pages.HomePage.&lt;init&gt;(HomePage.java:62)
	at search.SortAndViewTests.setup(SortAndViewTests.java:23)
	at java.base/java.util.ArrayList.forEach(ArrayList.java:1511)
... Removed 25 stack frames</div></td></tr></table><p class="totop"><a href="#summary">back to summary</a></p>
<h3 id="m48">search.SortAndViewTests#testViewProductDetails</h3><table class="result"><tr><th>Exception</th></tr><tr><td><div class="stacktrace">org.openqa.selenium.NoSuchSessionException: Session ID is null. Using WebDriver after calling quit()?
Build info: version: &apos;4.25.0&apos;, revision: &apos;8a8aea2337&apos;
System info: os.name: &apos;Windows 11&apos;, os.arch: &apos;amd64&apos;, os.version: &apos;10.0&apos;, java.version: &apos;17.0.12&apos;
Driver info: org.openqa.selenium.chrome.ChromeDriver
Command: [null, get {url=https://tutorialsninja.com/demo/}]
Capabilities {acceptInsecureCerts: false, browserName: chrome, browserVersion: 139.0.7258.155, chrome: {chromedriverVersion: 139.0.7258.154 (9e0d6b2b47f..., userDataDir: C:\Users\aravi\AppData\Loca...}, fedcm:accounts: true, goog:chromeOptions: {debuggerAddress: localhost:55857}, networkConnectionEnabled: false, pageLoadStrategy: normal, platformName: windows, proxy: Proxy(), se:cdp: ws://localhost:55857/devtoo..., se:cdpVersion: 139.0.7258.155, setWindowRect: true, strictFileInteractability: false, timeouts: {implicit: 0, pageLoad: 300000, script: 30000}, unhandledPromptBehavior: dismiss and notify, webauthn:extension:credBlob: true, webauthn:extension:largeBlob: true, webauthn:extension:minPinLength: true, webauthn:extension:prf: true, webauthn:virtualAuthenticators: true}
	at org.openqa.selenium.remote.HttpCommandExecutor.execute(HttpCommandExecutor.java:151)
	at org.openqa.selenium.remote.service.DriverCommandExecutor.invokeExecute(DriverCommandExecutor.java:216)
	at org.openqa.selenium.remote.service.DriverCommandExecutor.execute(DriverCommandExecutor.java:174)
	at org.openqa.selenium.remote.RemoteWebDriver.execute(RemoteWebDriver.java:545)
	at org.openqa.selenium.remote.RemoteWebDriver.get(RemoteWebDriver.java:313)
	at Pages.HomePage.&lt;init&gt;(HomePage.java:62)
	at search.SortAndViewTests.setup(SortAndViewTests.java:23)
	at java.base/java.util.ArrayList.forEach(ArrayList.java:1511)
... Removed 25 stack frames</div></td></tr></table><p class="totop"><a href="#summary">back to summary</a></p>
<h3 id="m49">Testcases.NegativeScenarios#invalidLogin</h3><table class="result"><tr><th class="invisible"/></tr></table><p class="totop"><a href="#summary">back to summary</a></p>
<h3 id="m50">Testcases.NegativeScenarios#searchWithBlankInput</h3><table class="result"><tr><th class="invisible"/></tr></table><p class="totop"><a href="#summary">back to summary</a></p>
<h3 id="m51">Testcases.NegativeScenarios#searchWithSpecialCharacters</h3><table class="result"><tr><th class="invisible"/></tr></table><p class="totop"><a href="#summary">back to summary</a></p>
<h3 id="m52">Testcases.Product#addProductToCart</h3><table class="result"><tr><th class="invisible"/></tr></table><p class="totop"><a href="#summary">back to summary</a></p>
<h3 id="m53">Testcases.Product#browseByCategoryAndFilter</h3><table class="result"><tr><th class="invisible"/></tr></table><p class="totop"><a href="#summary">back to summary</a></p>
<h3 id="m54">Testcases.Product#searchProductAndView</h3><table class="result"><tr><th class="invisible"/></tr></table><p class="totop"><a href="#summary">back to summary</a></p>
<h3 id="m55">Testcases.Product#searchProductInvalid</h3><table class="result"><tr><th class="invisible"/></tr></table><p class="totop"><a href="#summary">back to summary</a></p>
<h3 id="m56">Testcases.UIChecks#verifyLogo</h3><table class="result"><tr><th class="invisible"/></tr></table><p class="totop"><a href="#summary">back to summary</a></p>
<h3 id="m57">Testcases.UIChecks#verifyMainMenu</h3><table class="result"><tr><th class="invisible"/></tr></table><p class="totop"><a href="#summary">back to summary</a></p>
<h3 id="m58">Testcases.UIChecks#verifySearchBar</h3><table class="result"><tr><th class="invisible"/></tr></table><p class="totop"><a href="#summary">back to summary</a></p>
<h3 id="m59">Testcases.UserIdentity#InvalidLogin</h3><table class="result"><tr><th class="invisible"/></tr></table><p class="totop"><a href="#summary">back to summary</a></p>
<h3 id="m60">cart.AddToCartTests#testAddProductSingleQty</h3><table class="result"><tr><th class="invisible"/></tr></table><p class="totop"><a href="#summary">back to summary</a></p>
<h3 id="m61">cart.AddToCartTests#testAddProductSpecificQty</h3><table class="result"><tr><th class="invisible"/></tr></table><p class="totop"><a href="#summary">back to summary</a></p>
<h3 id="m62">cart.CartValidationTests#testCartPersistenceAcrossPages</h3><table class="result"><tr><th class="invisible"/></tr></table><p class="totop"><a href="#summary">back to summary</a></p>
<h3 id="m63">checkout.CheckoutTests#testMandatoryAddressFields</h3><table class="result"><tr><th class="invisible"/></tr></table><p class="totop"><a href="#summary">back to summary</a></p>
<h3 id="m64">checkout.ShippingTests#testDisplayShippingMethods</h3><table class="result"><tr><th class="invisible"/></tr></table><p class="totop"><a href="#summary">back to summary</a></p>
<h3 id="m65">checkout.ShippingTests#testExpressShippingCost</h3><table class="result"><tr><th class="invisible"/></tr></table><p class="totop"><a href="#summary">back to summary</a></p>
<h3 id="m66">checkout.ShippingTests#testShippingOptionPersistence</h3><table class="result"><tr><th class="invisible"/></tr></table><p class="totop"><a href="#summary">back to summary</a></p>
<h3 id="m67">checkout.ShippingTests#testStandardShippingCost</h3><table class="result"><tr><th class="invisible"/></tr></table><p class="totop"><a href="#summary">back to summary</a></p>
<h3 id="m68">login.LoginTests#testInvalidLogin</h3><table class="result"><tr><th class="invisible"/></tr></table><p class="totop"><a href="#summary">back to summary</a></p>
<h3 id="m69">order.CouponTests#testApplyGiftVoucher</h3><table class="result"><tr><th class="invisible"/></tr></table><p class="totop"><a href="#summary">back to summary</a></p>
<h3 id="m70">order.CouponTests#testApplyInvalidCoupon</h3><table class="result"><tr><th class="invisible"/></tr></table><p class="totop"><a href="#summary">back to summary</a></p>
<h3 id="m71">order.CouponTests#testApplyValidCoupon</h3><table class="result"><tr><th class="invisible"/></tr></table><p class="totop"><a href="#summary">back to summary</a></p>
<h3 id="m72">order.CouponTests#testRemoveCouponAndVerifyTotals</h3><table class="result"><tr><th class="invisible"/></tr></table><p class="totop"><a href="#summary">back to summary</a></p>
<h3 id="m73">order.OrderTests#testSaveOrderToHistory</h3><table class="result"><tr><th class="invisible"/></tr></table><p class="totop"><a href="#summary">back to summary</a></p>
<h3 id="m74">order.PaymentTests#testAcceptTermsAndConditions</h3><table class="result"><tr><th class="invisible"/></tr></table><p class="totop"><a href="#summary">back to summary</a></p>
<h3 id="m75">order.PaymentTests#testCashOnDelivery</h3><table class="result"><tr><th class="invisible"/></tr></table><p class="totop"><a href="#summary">back to summary</a></p>
<h3 id="m76">order.PaymentTests#testPayByCreditCardInvalid</h3><table class="result"><tr><th class="invisible"/></tr></table><p class="totop"><a href="#summary">back to summary</a></p>
<h3 id="m77">order.PaymentTests#testPayByCreditCardValid</h3><table class="result"><tr><th class="invisible"/></tr></table><p class="totop"><a href="#summary">back to summary</a></p>
<h3 id="m78">order.PaymentTests#testPayByNetBanking</h3><table class="result"><tr><th class="invisible"/></tr></table><p class="totop"><a href="#summary">back to summary</a></p>
<h3 id="m79">order.PaymentTests#testPayByUPI</h3><table class="result"><tr><th class="invisible"/></tr></table><p class="totop"><a href="#summary">back to summary</a></p>
<h3 id="m80">order.PaymentTests#testPaymentMethodsDisplayed</h3><table class="result"><tr><th class="invisible"/></tr></table><p class="totop"><a href="#summary">back to summary</a></p>
<h3 id="m81">search.SearchTests#testBlankProductSearch</h3><table class="result"><tr><th class="invisible"/></tr></table><p class="totop"><a href="#summary">back to summary</a></p>
<h3 id="m82">search.SearchTests#testInvalidProductSearch</h3><table class="result"><tr><th class="invisible"/></tr></table><p class="totop"><a href="#summary">back to summary</a></p>
<h3 id="m83">search.SearchTests#testSpecialCharSearch</h3><table class="result"><tr><th class="invisible"/></tr></table><p class="totop"><a href="#summary">back to summary</a></p>
<h3 id="m84">search.SearchTests#testValidProductSearch</h3><table class="result"><tr><th class="invisible"/></tr></table><p class="totop"><a href="#summary">back to summary</a></p>
<h3 id="m85">user.MiscTests#testChangeCurrencyPersistence</h3><table class="result"><tr><th class="invisible"/></tr></table><p class="totop"><a href="#summary">back to summary</a></p>
<h3 id="m86">user.RegistrationTests#testDuplicateEmailRegistration</h3><table class="result"><tr><th class="invisible"/></tr></table><p class="totop"><a href="#summary">back to summary</a></p>
<h3 id="m87">user.WishlistCompareTests#testAddToWishlist</h3><table class="result"><tr><th class="invisible"/></tr></table><p class="totop"><a href="#summary">back to summary</a></p>
<h3 id="m88">user.WishlistCompareTests#testCompareProducts</h3><table class="result"><tr><th class="invisible"/></tr></table><p class="totop"><a href="#summary">back to summary</a></p>
</body>
</html>
